2026-02-16 10:35:03.874 [main] INFO  c.r.controller.RewardsControllerTest - Starting RewardsControllerTest using Java 17.0.11 with PID 21096 (started by Mahesh in C:\Users\Mahesh\Downloads\rewardSystem\rewardSystem)
2026-02-16 10:35:03.876 [main] DEBUG c.r.controller.RewardsControllerTest - Running with Spring Boot v3.2.2, Spring v6.1.3
2026-02-16 10:35:03.878 [main] INFO  c.r.controller.RewardsControllerTest - No active profile set, falling back to 1 default profile: "default"
2026-02-16 10:35:06.634 [main] INFO  o.s.b.t.m.w.SpringBootMockServletContext - Initializing Spring TestDispatcherServlet ''
2026-02-16 10:35:06.636 [main] INFO  o.s.t.w.s.TestDispatcherServlet - Initializing Servlet ''
2026-02-16 10:35:06.638 [main] INFO  o.s.t.w.s.TestDispatcherServlet - Completed initialization in 1 ms
2026-02-16 10:35:06.676 [main] INFO  c.r.controller.RewardsControllerTest - Started RewardsControllerTest in 3.44 seconds (process running for 4.858)
2026-02-16 10:35:06.813 [main] INFO  c.r.controller.RewardsController - Fetching all rewards for customers
2026-02-16 10:35:06.818 [main] INFO  c.r.controller.RewardsController - Successfully retrieved rewards. Total records: 1
2026-02-16 10:35:06.934 [main] INFO  c.r.controller.RewardsController - Fetching all rewards for customers
2026-02-16 10:35:06.935 [main] INFO  c.r.controller.RewardsController - Successfully retrieved rewards. Total records: 1
2026-02-16 10:35:07.030 [main] INFO  c.r.controller.RewardsController - Fetching all rewards for customers
2026-02-16 10:35:07.031 [main] INFO  c.r.controller.RewardsController - Successfully retrieved rewards. Total records: 1
2026-02-16 10:35:07.052 [main] INFO  c.r.controller.RewardsController - Fetching all rewards for customers
2026-02-16 10:35:07.052 [main] INFO  c.r.controller.RewardsController - Successfully retrieved rewards. Total records: 2
2026-02-16 10:35:07.071 [main] INFO  c.r.controller.RewardsController - Fetching all rewards for customers
2026-02-16 10:35:07.072 [main] INFO  c.r.controller.RewardsController - Successfully retrieved rewards. Total records: 2
2026-02-16 10:35:07.087 [main] INFO  c.r.controller.RewardsController - Fetching all rewards for customers
2026-02-16 10:35:07.088 [main] INFO  c.r.controller.RewardsController - Successfully retrieved rewards. Total records: 1
2026-02-16 10:35:07.103 [main] INFO  c.r.controller.RewardsController - Fetching all rewards for customers
2026-02-16 10:35:07.105 [main] INFO  c.r.controller.RewardsController - Successfully retrieved rewards. Total records: 1
2026-02-16 10:35:07.118 [main] INFO  c.r.controller.RewardsController - Fetching all rewards for customers
2026-02-16 10:35:07.118 [main] INFO  c.r.controller.RewardsController - Successfully retrieved rewards. Total records: 0
2026-02-16 10:35:07.150 [main] WARN  o.s.web.servlet.PageNotFound - Request method 'PUT' is not supported
2026-02-16 10:35:07.190 [main] INFO  c.r.controller.RewardsController - Fetching all rewards for customers
2026-02-16 10:35:07.190 [main] INFO  c.r.controller.RewardsController - Successfully retrieved rewards. Total records: 2
2026-02-16 10:35:07.205 [main] INFO  c.r.controller.RewardsController - Fetching all rewards for customers
2026-02-16 10:35:07.207 [main] INFO  c.r.controller.RewardsController - Successfully retrieved rewards. Total records: 100
2026-02-16 10:35:07.222 [main] INFO  c.r.controller.RewardsController - Fetching all rewards for customers
2026-02-16 10:35:07.222 [main] INFO  c.r.controller.RewardsController - Successfully retrieved rewards. Total records: 2
2026-02-16 10:35:07.232 [main] WARN  o.s.web.servlet.PageNotFound - Request method 'POST' is not supported
2026-02-16 10:35:07.244 [main] WARN  o.s.web.servlet.PageNotFound - Request method 'DELETE' is not supported
2026-02-16 10:35:07.254 [main] INFO  c.r.controller.RewardsController - Fetching all rewards for customers
2026-02-16 10:35:07.254 [main] INFO  c.r.controller.RewardsController - Successfully retrieved rewards. Total records: 2
2026-02-16 10:35:07.267 [main] INFO  c.r.controller.RewardsController - Fetching all rewards for customers
2026-02-16 10:35:07.267 [main] INFO  c.r.controller.RewardsController - Successfully retrieved rewards. Total records: 0
2026-02-16 10:35:07.280 [main] INFO  c.r.controller.RewardsController - Fetching all rewards for customers
2026-02-16 10:35:07.280 [main] INFO  c.r.controller.RewardsController - Successfully retrieved rewards. Total records: 2
2026-02-16 10:35:07.291 [main] INFO  c.r.controller.RewardsController - Fetching all rewards for customers
2026-02-16 10:35:07.291 [main] INFO  c.r.controller.RewardsController - Successfully retrieved rewards. Total records: 1
2026-02-16 10:35:07.308 [main] INFO  c.r.controller.RewardsController - Fetching all rewards for customers
2026-02-16 10:35:07.309 [main] INFO  c.r.controller.RewardsController - Successfully retrieved rewards. Total records: 1
2026-02-16 10:35:07.356 [main] INFO  o.s.t.c.s.AnnotationConfigContextLoaderUtils - Could not detect default configuration classes for test class [com.rewardSystem.repository.TransactionsRepositoryTest]: TransactionsRepositoryTest does not declare any static, non-private, non-final, nested classes annotated with @Configuration.
2026-02-16 10:35:07.422 [main] INFO  o.s.b.t.c.SpringBootTestContextBootstrapper - Found @SpringBootConfiguration com.rewardSystem.RewardSystemApplication for test class com.rewardSystem.repository.TransactionsRepositoryTest
2026-02-16 10:35:07.516 [main] INFO  c.r.r.TransactionsRepositoryTest - Starting TransactionsRepositoryTest using Java 17.0.11 with PID 21096 (started by Mahesh in C:\Users\Mahesh\Downloads\rewardSystem\rewardSystem)
2026-02-16 10:35:07.517 [main] DEBUG c.r.r.TransactionsRepositoryTest - Running with Spring Boot v3.2.2, Spring v6.1.3
2026-02-16 10:35:07.518 [main] INFO  c.r.r.TransactionsRepositoryTest - No active profile set, falling back to 1 default profile: "default"
2026-02-16 10:35:07.892 [main] INFO  o.s.d.r.c.RepositoryConfigurationDelegate - Bootstrapping Spring Data JPA repositories in DEFAULT mode.
2026-02-16 10:35:07.987 [main] INFO  o.s.d.r.c.RepositoryConfigurationDelegate - Finished Spring Data repository scanning in 79 ms. Found 1 JPA repository interface.
2026-02-16 10:35:08.078 [main] INFO  o.s.b.t.a.j.TestDatabaseAutoConfiguration$EmbeddedDataSourceBeanFactoryPostProcessor - Replacing 'dataSource' DataSource bean with embedded version
2026-02-16 10:35:08.215 [main] INFO  o.s.j.d.e.EmbeddedDatabaseFactory - Starting embedded database: url='jdbc:h2:mem:ad8e3ef0-1516-4d68-8c9c-7f5a3dd49e15;DB_CLOSE_DELAY=-1;DB_CLOSE_ON_EXIT=false', username='sa'
2026-02-16 10:35:08.811 [main] INFO  o.h.jpa.internal.util.LogHelper - HHH000204: Processing PersistenceUnitInfo [name: default]
2026-02-16 10:35:08.943 [main] INFO  org.hibernate.Version - HHH000412: Hibernate ORM core version 6.4.1.Final
2026-02-16 10:35:09.021 [main] INFO  o.h.c.i.RegionFactoryInitiator - HHH000026: Second-level cache disabled
2026-02-16 10:35:09.236 [main] INFO  o.s.o.j.p.SpringPersistenceUnitInfo - No LoadTimeWeaver setup: ignoring JPA class transformer
2026-02-16 10:35:09.333 [main] WARN  org.hibernate.orm.deprecation - HHH90000025: H2Dialect does not need to be specified explicitly using 'hibernate.dialect' (remove the property setting and it will be selected by default)
2026-02-16 10:35:10.455 [main] INFO  o.h.e.t.j.p.i.JtaPlatformInitiator - HHH000489: No JTA platform available (set 'hibernate.transaction.jta.platform' to enable JTA platform integration)
2026-02-16 10:35:10.510 [main] INFO  o.s.o.j.LocalContainerEntityManagerFactoryBean - Initialized JPA EntityManagerFactory for persistence unit 'default'
2026-02-16 10:35:11.027 [main] INFO  c.r.r.TransactionsRepositoryTest - Started TransactionsRepositoryTest in 3.581 seconds (process running for 9.209)
2026-02-16 10:35:12.009 [main] INFO  o.s.t.c.s.AnnotationConfigContextLoaderUtils - Could not detect default configuration classes for test class [com.rewardSystem.RewardSystemApplicationTests]: RewardSystemApplicationTests does not declare any static, non-private, non-final, nested classes annotated with @Configuration.
2026-02-16 10:35:12.037 [main] INFO  o.s.b.t.c.SpringBootTestContextBootstrapper - Found @SpringBootConfiguration com.rewardSystem.RewardSystemApplication for test class com.rewardSystem.RewardSystemApplicationTests
2026-02-16 10:35:12.076 [main] INFO  c.r.RewardSystemApplicationTests - Starting RewardSystemApplicationTests using Java 17.0.11 with PID 21096 (started by Mahesh in C:\Users\Mahesh\Downloads\rewardSystem\rewardSystem)
2026-02-16 10:35:12.078 [main] DEBUG c.r.RewardSystemApplicationTests - Running with Spring Boot v3.2.2, Spring v6.1.3
2026-02-16 10:35:12.078 [main] INFO  c.r.RewardSystemApplicationTests - No active profile set, falling back to 1 default profile: "default"
2026-02-16 10:35:12.452 [main] INFO  o.s.d.r.c.RepositoryConfigurationDelegate - Bootstrapping Spring Data JPA repositories in DEFAULT mode.
2026-02-16 10:35:12.479 [main] INFO  o.s.d.r.c.RepositoryConfigurationDelegate - Finished Spring Data repository scanning in 23 ms. Found 1 JPA repository interface.
2026-02-16 10:35:12.688 [main] INFO  o.h.jpa.internal.util.LogHelper - HHH000204: Processing PersistenceUnitInfo [name: default]
2026-02-16 10:35:12.693 [main] INFO  o.h.c.i.RegionFactoryInitiator - HHH000026: Second-level cache disabled
2026-02-16 10:35:12.699 [main] INFO  o.s.o.j.p.SpringPersistenceUnitInfo - No LoadTimeWeaver setup: ignoring JPA class transformer
2026-02-16 10:35:12.702 [main] INFO  com.zaxxer.hikari.HikariDataSource - HikariPool-1 - Starting...
2026-02-16 10:35:13.451 [main] INFO  com.zaxxer.hikari.pool.HikariPool - HikariPool-1 - Added connection com.mysql.cj.jdbc.ConnectionImpl@c197f46
2026-02-16 10:35:13.455 [main] INFO  com.zaxxer.hikari.HikariDataSource - HikariPool-1 - Start completed.
2026-02-16 10:35:13.695 [main] INFO  o.h.e.t.j.p.i.JtaPlatformInitiator - HHH000489: No JTA platform available (set 'hibernate.transaction.jta.platform' to enable JTA platform integration)
2026-02-16 10:35:13.795 [main] INFO  o.s.o.j.LocalContainerEntityManagerFactoryBean - Initialized JPA EntityManagerFactory for persistence unit 'default'
2026-02-16 10:35:14.063 [main] WARN  o.s.b.a.o.j.JpaBaseConfiguration$JpaWebConfiguration - spring.jpa.open-in-view is enabled by default. Therefore, database queries may be performed during view rendering. Explicitly configure spring.jpa.open-in-view to disable this warning
2026-02-16 10:35:14.286 [main] INFO  c.r.RewardSystemApplicationTests - Started RewardSystemApplicationTests in 2.239 seconds (process running for 12.468)
2026-02-16 10:35:14.609 [main] DEBUG c.r.service.RewardServiceImpl - Starting findAllRewards operation
2026-02-16 10:35:14.610 [main] DEBUG c.r.service.RewardServiceImpl - Filtering transactions from date: 2025-12-01
2026-02-16 10:35:14.610 [main] INFO  c.r.service.RewardServiceImpl - Retrieved 1 total transactions from database
2026-02-16 10:35:14.613 [main] DEBUG c.r.service.RewardServiceImpl - Processing rewards for customer ID: 1
2026-02-16 10:35:14.613 [main] DEBUG c.r.service.RewardServiceImpl - Building reward response for customer ID: 1
2026-02-16 10:35:14.613 [main] DEBUG c.r.service.RewardServiceImpl - Successfully built reward response for customer 1: 150 total points
2026-02-16 10:35:14.613 [main] INFO  c.r.service.RewardServiceImpl - Successfully calculated rewards for 1 customers
2026-02-16 10:35:14.624 [main] DEBUG c.r.service.RewardServiceImpl - Starting findAllRewards operation
2026-02-16 10:35:14.624 [main] DEBUG c.r.service.RewardServiceImpl - Filtering transactions from date: 2025-12-01
2026-02-16 10:35:14.624 [main] INFO  c.r.service.RewardServiceImpl - Retrieved 3 total transactions from database
2026-02-16 10:35:14.624 [main] DEBUG c.r.service.RewardServiceImpl - Processing rewards for customer ID: 1
2026-02-16 10:35:14.624 [main] DEBUG c.r.service.RewardServiceImpl - Building reward response for customer ID: 1
2026-02-16 10:35:14.626 [main] DEBUG c.r.service.RewardServiceImpl - Successfully built reward response for customer 1: 150 total points
2026-02-16 10:35:14.626 [main] INFO  c.r.service.RewardServiceImpl - Successfully calculated rewards for 1 customers
2026-02-16 10:35:14.631 [main] DEBUG c.r.service.RewardServiceImpl - Starting findAllRewards operation
2026-02-16 10:35:14.632 [main] DEBUG c.r.service.RewardServiceImpl - Filtering transactions from date: 2025-12-01
2026-02-16 10:35:14.633 [main] INFO  c.r.service.RewardServiceImpl - Retrieved 1 total transactions from database
2026-02-16 10:35:14.633 [main] DEBUG c.r.service.RewardServiceImpl - Processing rewards for customer ID: 1
2026-02-16 10:35:14.633 [main] DEBUG c.r.service.RewardServiceImpl - Building reward response for customer ID: 1
2026-02-16 10:35:14.633 [main] DEBUG c.r.service.RewardServiceImpl - Successfully built reward response for customer 1: 50 total points
2026-02-16 10:35:14.633 [main] INFO  c.r.service.RewardServiceImpl - Successfully calculated rewards for 1 customers
2026-02-16 10:35:14.640 [main] DEBUG c.r.service.RewardServiceImpl - Starting findAllRewards operation
2026-02-16 10:35:14.642 [main] DEBUG c.r.service.RewardServiceImpl - Filtering transactions from date: 2025-12-01
2026-02-16 10:35:14.642 [main] INFO  c.r.service.RewardServiceImpl - Retrieved 4 total transactions from database
2026-02-16 10:35:14.643 [main] DEBUG c.r.service.RewardServiceImpl - Processing rewards for customer ID: 1
2026-02-16 10:35:14.643 [main] DEBUG c.r.service.RewardServiceImpl - Building reward response for customer ID: 1
2026-02-16 10:35:14.643 [main] DEBUG c.r.service.RewardServiceImpl - Successfully built reward response for customer 1: 125 total points
2026-02-16 10:35:14.643 [main] INFO  c.r.service.RewardServiceImpl - Successfully calculated rewards for 1 customers
2026-02-16 10:35:14.649 [main] DEBUG c.r.service.RewardServiceImpl - Starting findAllRewards operation
2026-02-16 10:35:14.650 [main] DEBUG c.r.service.RewardServiceImpl - Filtering transactions from date: 2025-12-01
2026-02-16 10:35:14.650 [main] INFO  c.r.service.RewardServiceImpl - Retrieved 0 total transactions from database
2026-02-16 10:35:14.651 [main] WARN  c.r.service.RewardServiceImpl - No transactions found in database
2026-02-16 10:35:14.657 [main] DEBUG c.r.service.RewardServiceImpl - Starting findAllRewards operation
2026-02-16 10:35:14.658 [main] DEBUG c.r.service.RewardServiceImpl - Filtering transactions from date: 2025-12-01
2026-02-16 10:35:14.658 [main] INFO  c.r.service.RewardServiceImpl - Retrieved 1 total transactions from database
2026-02-16 10:35:14.658 [main] DEBUG c.r.service.RewardServiceImpl - Processing rewards for customer ID: 1
2026-02-16 10:35:14.658 [main] DEBUG c.r.service.RewardServiceImpl - Building reward response for customer ID: 1
2026-02-16 10:35:14.660 [main] DEBUG c.r.service.RewardServiceImpl - Successfully built reward response for customer 1: 0 total points
2026-02-16 10:35:14.660 [main] INFO  c.r.service.RewardServiceImpl - Successfully calculated rewards for 1 customers
2026-02-16 10:35:14.667 [main] DEBUG c.r.service.RewardServiceImpl - Starting findAllRewards operation
2026-02-16 10:35:14.667 [main] DEBUG c.r.service.RewardServiceImpl - Filtering transactions from date: 2025-12-01
2026-02-16 10:35:14.668 [main] INFO  c.r.service.RewardServiceImpl - Retrieved 1 total transactions from database
2026-02-16 10:35:14.668 [main] DEBUG c.r.service.RewardServiceImpl - Processing rewards for customer ID: 1
2026-02-16 10:35:14.668 [main] DEBUG c.r.service.RewardServiceImpl - Building reward response for customer ID: 1
2026-02-16 10:35:14.668 [main] DEBUG c.r.service.RewardServiceImpl - Successfully built reward response for customer 1: 101 total points
2026-02-16 10:35:14.668 [main] INFO  c.r.service.RewardServiceImpl - Successfully calculated rewards for 1 customers
2026-02-16 10:35:14.674 [main] DEBUG c.r.service.RewardServiceImpl - Starting findAllRewards operation
2026-02-16 10:35:14.674 [main] DEBUG c.r.service.RewardServiceImpl - Filtering transactions from date: 2025-12-01
2026-02-16 10:35:14.675 [main] INFO  c.r.service.RewardServiceImpl - Retrieved 1 total transactions from database
2026-02-16 10:35:14.675 [main] DEBUG c.r.service.RewardServiceImpl - Processing rewards for customer ID: 1
2026-02-16 10:35:14.675 [main] DEBUG c.r.service.RewardServiceImpl - Building reward response for customer ID: 1
2026-02-16 10:35:14.675 [main] DEBUG c.r.service.RewardServiceImpl - Successfully built reward response for customer 1: 25 total points
2026-02-16 10:35:14.675 [main] INFO  c.r.service.RewardServiceImpl - Successfully calculated rewards for 1 customers
2026-02-16 10:35:14.683 [main] DEBUG c.r.service.RewardServiceImpl - Starting findAllRewards operation
2026-02-16 10:35:14.684 [main] DEBUG c.r.service.RewardServiceImpl - Filtering transactions from date: 2025-12-01
2026-02-16 10:35:14.684 [main] INFO  c.r.service.RewardServiceImpl - Retrieved 1 total transactions from database
2026-02-16 10:35:14.684 [main] DEBUG c.r.service.RewardServiceImpl - Processing rewards for customer ID: 1
2026-02-16 10:35:14.684 [main] DEBUG c.r.service.RewardServiceImpl - Building reward response for customer ID: 1
2026-02-16 10:35:14.685 [main] DEBUG c.r.service.RewardServiceImpl - Successfully built reward response for customer 1: 90 total points
2026-02-16 10:35:14.685 [main] INFO  c.r.service.RewardServiceImpl - Successfully calculated rewards for 1 customers
2026-02-16 10:35:14.691 [main] DEBUG c.r.service.RewardServiceImpl - Starting findAllRewards operation
2026-02-16 10:35:14.691 [main] DEBUG c.r.service.RewardServiceImpl - Filtering transactions from date: 2025-12-01
2026-02-16 10:35:14.692 [main] INFO  c.r.service.RewardServiceImpl - Retrieved 3 total transactions from database
2026-02-16 10:35:14.692 [main] DEBUG c.r.service.RewardServiceImpl - Processing rewards for customer ID: 1
2026-02-16 10:35:14.692 [main] DEBUG c.r.service.RewardServiceImpl - Building reward response for customer ID: 1
2026-02-16 10:35:14.692 [main] DEBUG c.r.service.RewardServiceImpl - Successfully built reward response for customer 1: 130 total points
2026-02-16 10:35:14.692 [main] INFO  c.r.service.RewardServiceImpl - Successfully calculated rewards for 1 customers
2026-02-16 10:35:14.697 [main] DEBUG c.r.service.RewardServiceImpl - Starting findAllRewards operation
2026-02-16 10:35:14.697 [main] DEBUG c.r.service.RewardServiceImpl - Filtering transactions from date: 2025-12-01
2026-02-16 10:35:14.698 [main] INFO  c.r.service.RewardServiceImpl - Retrieved 1 total transactions from database
2026-02-16 10:35:14.698 [main] DEBUG c.r.service.RewardServiceImpl - Processing rewards for customer ID: 1
2026-02-16 10:35:14.698 [main] DEBUG c.r.service.RewardServiceImpl - Building reward response for customer ID: 1
2026-02-16 10:35:14.698 [main] DEBUG c.r.service.RewardServiceImpl - Successfully built reward response for customer 1: 50 total points
2026-02-16 10:35:14.698 [main] INFO  c.r.service.RewardServiceImpl - Successfully calculated rewards for 1 customers
2026-02-16 10:35:14.704 [main] DEBUG c.r.service.RewardServiceImpl - Starting findAllRewards operation
2026-02-16 10:35:14.704 [main] DEBUG c.r.service.RewardServiceImpl - Filtering transactions from date: 2025-12-01
2026-02-16 10:35:14.705 [main] INFO  c.r.service.RewardServiceImpl - Retrieved 1 total transactions from database
2026-02-16 10:35:14.705 [main] DEBUG c.r.service.RewardServiceImpl - Processing rewards for customer ID: 1
2026-02-16 10:35:14.705 [main] DEBUG c.r.service.RewardServiceImpl - Building reward response for customer ID: 1
2026-02-16 10:35:14.705 [main] DEBUG c.r.service.RewardServiceImpl - Successfully built reward response for customer 1: 52 total points
2026-02-16 10:35:14.705 [main] INFO  c.r.service.RewardServiceImpl - Successfully calculated rewards for 1 customers
2026-02-16 10:35:14.710 [main] DEBUG c.r.service.RewardServiceImpl - Starting findAllRewards operation
2026-02-16 10:35:14.710 [main] DEBUG c.r.service.RewardServiceImpl - Filtering transactions from date: 2025-12-01
2026-02-16 10:35:14.710 [main] INFO  c.r.service.RewardServiceImpl - Retrieved 3 total transactions from database
2026-02-16 10:35:14.710 [main] DEBUG c.r.service.RewardServiceImpl - Processing rewards for customer ID: 1
2026-02-16 10:35:14.711 [main] DEBUG c.r.service.RewardServiceImpl - Building reward response for customer ID: 1
2026-02-16 10:35:14.711 [main] DEBUG c.r.service.RewardServiceImpl - Successfully built reward response for customer 1: 90 total points
2026-02-16 10:35:14.711 [main] DEBUG c.r.service.RewardServiceImpl - Processing rewards for customer ID: 2
2026-02-16 10:35:14.711 [main] DEBUG c.r.service.RewardServiceImpl - Building reward response for customer ID: 2
2026-02-16 10:35:14.711 [main] DEBUG c.r.service.RewardServiceImpl - Successfully built reward response for customer 2: 25 total points
2026-02-16 10:35:14.711 [main] DEBUG c.r.service.RewardServiceImpl - Processing rewards for customer ID: 3
2026-02-16 10:35:14.711 [main] DEBUG c.r.service.RewardServiceImpl - Building reward response for customer ID: 3
2026-02-16 10:35:14.711 [main] DEBUG c.r.service.RewardServiceImpl - Successfully built reward response for customer 3: 250 total points
2026-02-16 10:35:14.711 [main] INFO  c.r.service.RewardServiceImpl - Successfully calculated rewards for 3 customers
2026-02-16 10:35:14.718 [main] DEBUG c.r.service.RewardServiceImpl - Starting findAllRewards operation
2026-02-16 10:35:14.719 [main] DEBUG c.r.service.RewardServiceImpl - Filtering transactions from date: 2025-12-01
2026-02-16 10:35:14.719 [main] INFO  c.r.service.RewardServiceImpl - Retrieved 1 total transactions from database
2026-02-16 10:35:14.719 [main] DEBUG c.r.service.RewardServiceImpl - Processing rewards for customer ID: 1
2026-02-16 10:35:14.719 [main] DEBUG c.r.service.RewardServiceImpl - Building reward response for customer ID: 1
2026-02-16 10:35:14.719 [main] DEBUG c.r.service.RewardServiceImpl - Successfully built reward response for customer 1: 1 total points
2026-02-16 10:35:14.720 [main] INFO  c.r.service.RewardServiceImpl - Successfully calculated rewards for 1 customers
2026-02-16 10:35:14.725 [main] DEBUG c.r.service.RewardServiceImpl - Starting findAllRewards operation
2026-02-16 10:35:14.726 [main] DEBUG c.r.service.RewardServiceImpl - Filtering transactions from date: 2025-12-01
2026-02-16 10:35:14.726 [main] INFO  c.r.service.RewardServiceImpl - Retrieved 2 total transactions from database
2026-02-16 10:35:14.726 [main] DEBUG c.r.service.RewardServiceImpl - Processing rewards for customer ID: 1
2026-02-16 10:35:14.727 [main] DEBUG c.r.service.RewardServiceImpl - Building reward response for customer ID: 1
2026-02-16 10:35:14.727 [main] DEBUG c.r.service.RewardServiceImpl - Successfully built reward response for customer 1: 115 total points
2026-02-16 10:35:14.727 [main] INFO  c.r.service.RewardServiceImpl - Successfully calculated rewards for 1 customers
2026-02-16 10:35:14.732 [main] DEBUG c.r.service.RewardServiceImpl - Starting findAllRewards operation
2026-02-16 10:35:14.732 [main] DEBUG c.r.service.RewardServiceImpl - Filtering transactions from date: 2025-12-01
2026-02-16 10:35:14.733 [main] INFO  c.r.service.RewardServiceImpl - Retrieved 1 total transactions from database
2026-02-16 10:35:14.733 [main] DEBUG c.r.service.RewardServiceImpl - Processing rewards for customer ID: 1
2026-02-16 10:35:14.733 [main] DEBUG c.r.service.RewardServiceImpl - Building reward response for customer ID: 1
2026-02-16 10:35:14.733 [main] DEBUG c.r.service.RewardServiceImpl - Successfully built reward response for customer 1: 9850 total points
2026-02-16 10:35:14.733 [main] INFO  c.r.service.RewardServiceImpl - Successfully calculated rewards for 1 customers
2026-02-16 10:35:14.758 [SpringApplicationShutdownHook] INFO  o.s.o.j.LocalContainerEntityManagerFactoryBean - Closing JPA EntityManagerFactory for persistence unit 'default'
2026-02-16 10:35:14.766 [SpringApplicationShutdownHook] INFO  o.s.o.j.LocalContainerEntityManagerFactoryBean - Closing JPA EntityManagerFactory for persistence unit 'default'
2026-02-16 10:35:14.767 [SpringApplicationShutdownHook] INFO  com.zaxxer.hikari.HikariDataSource - HikariPool-1 - Shutdown initiated...
2026-02-16 10:35:14.783 [SpringApplicationShutdownHook] INFO  com.zaxxer.hikari.HikariDataSource - HikariPool-1 - Shutdown completed.
2026-02-16 10:36:24.647 [main] INFO  c.r.controller.RewardsControllerTest - Starting RewardsControllerTest using Java 17.0.11 with PID 19356 (started by Mahesh in C:\Users\Mahesh\Downloads\rewardSystem\rewardSystem)
2026-02-16 10:36:24.650 [main] DEBUG c.r.controller.RewardsControllerTest - Running with Spring Boot v3.2.2, Spring v6.1.3
2026-02-16 10:36:24.653 [main] INFO  c.r.controller.RewardsControllerTest - No active profile set, falling back to 1 default profile: "default"
2026-02-16 10:36:27.375 [main] INFO  o.s.b.t.m.w.SpringBootMockServletContext - Initializing Spring TestDispatcherServlet ''
2026-02-16 10:36:27.375 [main] INFO  o.s.t.w.s.TestDispatcherServlet - Initializing Servlet ''
2026-02-16 10:36:27.377 [main] INFO  o.s.t.w.s.TestDispatcherServlet - Completed initialization in 0 ms
2026-02-16 10:36:27.422 [main] INFO  c.r.controller.RewardsControllerTest - Started RewardsControllerTest in 3.451 seconds (process running for 4.968)
2026-02-16 10:36:27.611 [main] INFO  c.r.controller.RewardsController - Fetching all rewards for customers
2026-02-16 10:36:27.614 [main] INFO  c.r.controller.RewardsController - Successfully retrieved rewards. Total records: 1
2026-02-16 10:36:27.738 [main] INFO  c.r.controller.RewardsController - Fetching all rewards for customers
2026-02-16 10:36:27.738 [main] INFO  c.r.controller.RewardsController - Successfully retrieved rewards. Total records: 1
2026-02-16 10:36:27.824 [main] INFO  c.r.controller.RewardsController - Fetching all rewards for customers
2026-02-16 10:36:27.824 [main] INFO  c.r.controller.RewardsController - Successfully retrieved rewards. Total records: 1
2026-02-16 10:36:27.846 [main] INFO  c.r.controller.RewardsController - Fetching all rewards for customers
2026-02-16 10:36:27.846 [main] INFO  c.r.controller.RewardsController - Successfully retrieved rewards. Total records: 2
2026-02-16 10:36:27.869 [main] INFO  c.r.controller.RewardsController - Fetching all rewards for customers
2026-02-16 10:36:27.870 [main] INFO  c.r.controller.RewardsController - Successfully retrieved rewards. Total records: 2
2026-02-16 10:36:27.885 [main] INFO  c.r.controller.RewardsController - Fetching all rewards for customers
2026-02-16 10:36:27.886 [main] INFO  c.r.controller.RewardsController - Successfully retrieved rewards. Total records: 1
2026-02-16 10:36:27.902 [main] INFO  c.r.controller.RewardsController - Fetching all rewards for customers
2026-02-16 10:36:27.904 [main] INFO  c.r.controller.RewardsController - Successfully retrieved rewards. Total records: 1
2026-02-16 10:36:27.921 [main] INFO  c.r.controller.RewardsController - Fetching all rewards for customers
2026-02-16 10:36:27.921 [main] INFO  c.r.controller.RewardsController - Successfully retrieved rewards. Total records: 0
2026-02-16 10:36:27.939 [main] WARN  o.s.web.servlet.PageNotFound - Request method 'PUT' is not supported
2026-02-16 10:36:27.986 [main] INFO  c.r.controller.RewardsController - Fetching all rewards for customers
2026-02-16 10:36:27.988 [main] INFO  c.r.controller.RewardsController - Successfully retrieved rewards. Total records: 2
2026-02-16 10:36:28.007 [main] INFO  c.r.controller.RewardsController - Fetching all rewards for customers
2026-02-16 10:36:28.007 [main] INFO  c.r.controller.RewardsController - Successfully retrieved rewards. Total records: 100
2026-02-16 10:36:28.028 [main] INFO  c.r.controller.RewardsController - Fetching all rewards for customers
2026-02-16 10:36:28.028 [main] INFO  c.r.controller.RewardsController - Successfully retrieved rewards. Total records: 2
2026-02-16 10:36:28.038 [main] WARN  o.s.web.servlet.PageNotFound - Request method 'POST' is not supported
2026-02-16 10:36:28.048 [main] WARN  o.s.web.servlet.PageNotFound - Request method 'DELETE' is not supported
2026-02-16 10:36:28.060 [main] INFO  c.r.controller.RewardsController - Fetching all rewards for customers
2026-02-16 10:36:28.060 [main] INFO  c.r.controller.RewardsController - Successfully retrieved rewards. Total records: 2
2026-02-16 10:36:28.073 [main] INFO  c.r.controller.RewardsController - Fetching all rewards for customers
2026-02-16 10:36:28.073 [main] INFO  c.r.controller.RewardsController - Successfully retrieved rewards. Total records: 0
2026-02-16 10:36:28.081 [main] INFO  c.r.controller.RewardsController - Fetching all rewards for customers
2026-02-16 10:36:28.081 [main] INFO  c.r.controller.RewardsController - Successfully retrieved rewards. Total records: 2
2026-02-16 10:36:28.094 [main] INFO  c.r.controller.RewardsController - Fetching all rewards for customers
2026-02-16 10:36:28.094 [main] INFO  c.r.controller.RewardsController - Successfully retrieved rewards. Total records: 1
2026-02-16 10:36:28.109 [main] INFO  c.r.controller.RewardsController - Fetching all rewards for customers
2026-02-16 10:36:28.110 [main] INFO  c.r.controller.RewardsController - Successfully retrieved rewards. Total records: 1
2026-02-16 10:36:28.261 [main] ERROR c.r.exception.GlobalExceptionHandler - Data processing error: Processing failed
com.rewardSystem.exception.DataProcessingException: Processing failed
	at com.rewardSystem.exception.GlobalExceptionHandlerTest.testHandleExceptionWithCause(GlobalExceptionHandlerTest.java:169)
	at java.base/jdk.internal.reflect.NativeMethodAccessorImpl.invoke0(Native Method)
	at java.base/jdk.internal.reflect.NativeMethodAccessorImpl.invoke(NativeMethodAccessorImpl.java:77)
	at java.base/jdk.internal.reflect.DelegatingMethodAccessorImpl.invoke(DelegatingMethodAccessorImpl.java:43)
	at java.base/java.lang.reflect.Method.invoke(Method.java:568)
	at org.junit.platform.commons.util.ReflectionUtils.invokeMethod(ReflectionUtils.java:728)
	at org.junit.jupiter.engine.execution.MethodInvocation.proceed(MethodInvocation.java:60)
	at org.junit.jupiter.engine.execution.InvocationInterceptorChain$ValidatingInvocation.proceed(InvocationInterceptorChain.java:131)
	at org.junit.jupiter.engine.extension.TimeoutExtension.intercept(TimeoutExtension.java:156)
	at org.junit.jupiter.engine.extension.TimeoutExtension.interceptTestableMethod(TimeoutExtension.java:147)
	at org.junit.jupiter.engine.extension.TimeoutExtension.interceptTestMethod(TimeoutExtension.java:86)
	at org.junit.jupiter.engine.execution.InterceptingExecutableInvoker$ReflectiveInterceptorCall.lambda$ofVoidMethod$0(InterceptingExecutableInvoker.java:103)
	at org.junit.jupiter.engine.execution.InterceptingExecutableInvoker.lambda$invoke$0(InterceptingExecutableInvoker.java:93)
	at org.junit.jupiter.engine.execution.InvocationInterceptorChain$InterceptedInvocation.proceed(InvocationInterceptorChain.java:106)
	at org.junit.jupiter.engine.execution.InvocationInterceptorChain.proceed(InvocationInterceptorChain.java:64)
	at org.junit.jupiter.engine.execution.InvocationInterceptorChain.chainAndInvoke(InvocationInterceptorChain.java:45)
	at org.junit.jupiter.engine.execution.InvocationInterceptorChain.invoke(InvocationInterceptorChain.java:37)
	at org.junit.jupiter.engine.execution.InterceptingExecutableInvoker.invoke(InterceptingExecutableInvoker.java:92)
	at org.junit.jupiter.engine.execution.InterceptingExecutableInvoker.invoke(InterceptingExecutableInvoker.java:86)
	at org.junit.jupiter.engine.descriptor.TestMethodTestDescriptor.lambda$invokeTestMethod$7(TestMethodTestDescriptor.java:218)
	at org.junit.platform.engine.support.hierarchical.ThrowableCollector.execute(ThrowableCollector.java:73)
	at org.junit.jupiter.engine.descriptor.TestMethodTestDescriptor.invokeTestMethod(TestMethodTestDescriptor.java:214)
	at org.junit.jupiter.engine.descriptor.TestMethodTestDescriptor.execute(TestMethodTestDescriptor.java:139)
	at org.junit.jupiter.engine.descriptor.TestMethodTestDescriptor.execute(TestMethodTestDescriptor.java:69)
	at org.junit.platform.engine.support.hierarchical.NodeTestTask.lambda$executeRecursively$6(NodeTestTask.java:151)
	at org.junit.platform.engine.support.hierarchical.ThrowableCollector.execute(ThrowableCollector.java:73)
	at org.junit.platform.engine.support.hierarchical.NodeTestTask.lambda$executeRecursively$8(NodeTestTask.java:141)
	at org.junit.platform.engine.support.hierarchical.Node.around(Node.java:137)
	at org.junit.platform.engine.support.hierarchical.NodeTestTask.lambda$executeRecursively$9(NodeTestTask.java:139)
	at org.junit.platform.engine.support.hierarchical.ThrowableCollector.execute(ThrowableCollector.java:73)
	at org.junit.platform.engine.support.hierarchical.NodeTestTask.executeRecursively(NodeTestTask.java:138)
	at org.junit.platform.engine.support.hierarchical.NodeTestTask.execute(NodeTestTask.java:95)
	at java.base/java.util.ArrayList.forEach(ArrayList.java:1511)
	at org.junit.platform.engine.support.hierarchical.SameThreadHierarchicalTestExecutorService.invokeAll(SameThreadHierarchicalTestExecutorService.java:41)
	at org.junit.platform.engine.support.hierarchical.NodeTestTask.lambda$executeRecursively$6(NodeTestTask.java:155)
	at org.junit.platform.engine.support.hierarchical.ThrowableCollector.execute(ThrowableCollector.java:73)
	at org.junit.platform.engine.support.hierarchical.NodeTestTask.lambda$executeRecursively$8(NodeTestTask.java:141)
	at org.junit.platform.engine.support.hierarchical.Node.around(Node.java:137)
	at org.junit.platform.engine.support.hierarchical.NodeTestTask.lambda$executeRecursively$9(NodeTestTask.java:139)
	at org.junit.platform.engine.support.hierarchical.ThrowableCollector.execute(ThrowableCollector.java:73)
	at org.junit.platform.engine.support.hierarchical.NodeTestTask.executeRecursively(NodeTestTask.java:138)
	at org.junit.platform.engine.support.hierarchical.NodeTestTask.execute(NodeTestTask.java:95)
	at java.base/java.util.ArrayList.forEach(ArrayList.java:1511)
	at org.junit.platform.engine.support.hierarchical.SameThreadHierarchicalTestExecutorService.invokeAll(SameThreadHierarchicalTestExecutorService.java:41)
	at org.junit.platform.engine.support.hierarchical.NodeTestTask.lambda$executeRecursively$6(NodeTestTask.java:155)
	at org.junit.platform.engine.support.hierarchical.ThrowableCollector.execute(ThrowableCollector.java:73)
	at org.junit.platform.engine.support.hierarchical.NodeTestTask.lambda$executeRecursively$8(NodeTestTask.java:141)
	at org.junit.platform.engine.support.hierarchical.Node.around(Node.java:137)
	at org.junit.platform.engine.support.hierarchical.NodeTestTask.lambda$executeRecursively$9(NodeTestTask.java:139)
	at org.junit.platform.engine.support.hierarchical.ThrowableCollector.execute(ThrowableCollector.java:73)
	at org.junit.platform.engine.support.hierarchical.NodeTestTask.executeRecursively(NodeTestTask.java:138)
	at org.junit.platform.engine.support.hierarchical.NodeTestTask.execute(NodeTestTask.java:95)
	at org.junit.platform.engine.support.hierarchical.SameThreadHierarchicalTestExecutorService.submit(SameThreadHierarchicalTestExecutorService.java:35)
	at org.junit.platform.engine.support.hierarchical.HierarchicalTestExecutor.execute(HierarchicalTestExecutor.java:57)
	at org.junit.platform.engine.support.hierarchical.HierarchicalTestEngine.execute(HierarchicalTestEngine.java:54)
	at org.junit.platform.launcher.core.EngineExecutionOrchestrator.execute(EngineExecutionOrchestrator.java:198)
	at org.junit.platform.launcher.core.EngineExecutionOrchestrator.execute(EngineExecutionOrchestrator.java:169)
	at org.junit.platform.launcher.core.EngineExecutionOrchestrator.execute(EngineExecutionOrchestrator.java:93)
	at org.junit.platform.launcher.core.EngineExecutionOrchestrator.lambda$execute$0(EngineExecutionOrchestrator.java:58)
	at org.junit.platform.launcher.core.EngineExecutionOrchestrator.withInterceptedStreams(EngineExecutionOrchestrator.java:141)
	at org.junit.platform.launcher.core.EngineExecutionOrchestrator.execute(EngineExecutionOrchestrator.java:57)
	at org.junit.platform.launcher.core.DefaultLauncher.execute(DefaultLauncher.java:103)
	at org.junit.platform.launcher.core.DefaultLauncher.execute(DefaultLauncher.java:85)
	at org.junit.platform.launcher.core.DelegatingLauncher.execute(DelegatingLauncher.java:47)
	at org.apache.maven.surefire.junitplatform.LazyLauncher.execute(LazyLauncher.java:56)
	at org.apache.maven.surefire.junitplatform.JUnitPlatformProvider.execute(JUnitPlatformProvider.java:184)
	at org.apache.maven.surefire.junitplatform.JUnitPlatformProvider.invokeAllTests(JUnitPlatformProvider.java:148)
	at org.apache.maven.surefire.junitplatform.JUnitPlatformProvider.invoke(JUnitPlatformProvider.java:122)
	at org.apache.maven.surefire.booter.ForkedBooter.runSuitesInProcess(ForkedBooter.java:385)
	at org.apache.maven.surefire.booter.ForkedBooter.execute(ForkedBooter.java:162)
	at org.apache.maven.surefire.booter.ForkedBooter.run(ForkedBooter.java:507)
	at org.apache.maven.surefire.booter.ForkedBooter.main(ForkedBooter.java:495)
Caused by: java.lang.IllegalStateException: Illegal state
	at com.rewardSystem.exception.GlobalExceptionHandlerTest.testHandleExceptionWithCause(GlobalExceptionHandlerTest.java:168)
	... 71 common frames omitted
2026-02-16 10:36:28.280 [main] ERROR c.r.exception.GlobalExceptionHandler - Invalid argument: Invalid argument provided
java.lang.IllegalArgumentException: Invalid argument provided
	at com.rewardSystem.exception.GlobalExceptionHandlerTest.testHandleIllegalArgumentException(GlobalExceptionHandlerTest.java:95)
	at java.base/jdk.internal.reflect.NativeMethodAccessorImpl.invoke0(Native Method)
	at java.base/jdk.internal.reflect.NativeMethodAccessorImpl.invoke(NativeMethodAccessorImpl.java:77)
	at java.base/jdk.internal.reflect.DelegatingMethodAccessorImpl.invoke(DelegatingMethodAccessorImpl.java:43)
	at java.base/java.lang.reflect.Method.invoke(Method.java:568)
	at org.junit.platform.commons.util.ReflectionUtils.invokeMethod(ReflectionUtils.java:728)
	at org.junit.jupiter.engine.execution.MethodInvocation.proceed(MethodInvocation.java:60)
	at org.junit.jupiter.engine.execution.InvocationInterceptorChain$ValidatingInvocation.proceed(InvocationInterceptorChain.java:131)
	at org.junit.jupiter.engine.extension.TimeoutExtension.intercept(TimeoutExtension.java:156)
	at org.junit.jupiter.engine.extension.TimeoutExtension.interceptTestableMethod(TimeoutExtension.java:147)
	at org.junit.jupiter.engine.extension.TimeoutExtension.interceptTestMethod(TimeoutExtension.java:86)
	at org.junit.jupiter.engine.execution.InterceptingExecutableInvoker$ReflectiveInterceptorCall.lambda$ofVoidMethod$0(InterceptingExecutableInvoker.java:103)
	at org.junit.jupiter.engine.execution.InterceptingExecutableInvoker.lambda$invoke$0(InterceptingExecutableInvoker.java:93)
	at org.junit.jupiter.engine.execution.InvocationInterceptorChain$InterceptedInvocation.proceed(InvocationInterceptorChain.java:106)
	at org.junit.jupiter.engine.execution.InvocationInterceptorChain.proceed(InvocationInterceptorChain.java:64)
	at org.junit.jupiter.engine.execution.InvocationInterceptorChain.chainAndInvoke(InvocationInterceptorChain.java:45)
	at org.junit.jupiter.engine.execution.InvocationInterceptorChain.invoke(InvocationInterceptorChain.java:37)
	at org.junit.jupiter.engine.execution.InterceptingExecutableInvoker.invoke(InterceptingExecutableInvoker.java:92)
	at org.junit.jupiter.engine.execution.InterceptingExecutableInvoker.invoke(InterceptingExecutableInvoker.java:86)
	at org.junit.jupiter.engine.descriptor.TestMethodTestDescriptor.lambda$invokeTestMethod$7(TestMethodTestDescriptor.java:218)
	at org.junit.platform.engine.support.hierarchical.ThrowableCollector.execute(ThrowableCollector.java:73)
	at org.junit.jupiter.engine.descriptor.TestMethodTestDescriptor.invokeTestMethod(TestMethodTestDescriptor.java:214)
	at org.junit.jupiter.engine.descriptor.TestMethodTestDescriptor.execute(TestMethodTestDescriptor.java:139)
	at org.junit.jupiter.engine.descriptor.TestMethodTestDescriptor.execute(TestMethodTestDescriptor.java:69)
	at org.junit.platform.engine.support.hierarchical.NodeTestTask.lambda$executeRecursively$6(NodeTestTask.java:151)
	at org.junit.platform.engine.support.hierarchical.ThrowableCollector.execute(ThrowableCollector.java:73)
	at org.junit.platform.engine.support.hierarchical.NodeTestTask.lambda$executeRecursively$8(NodeTestTask.java:141)
	at org.junit.platform.engine.support.hierarchical.Node.around(Node.java:137)
	at org.junit.platform.engine.support.hierarchical.NodeTestTask.lambda$executeRecursively$9(NodeTestTask.java:139)
	at org.junit.platform.engine.support.hierarchical.ThrowableCollector.execute(ThrowableCollector.java:73)
	at org.junit.platform.engine.support.hierarchical.NodeTestTask.executeRecursively(NodeTestTask.java:138)
	at org.junit.platform.engine.support.hierarchical.NodeTestTask.execute(NodeTestTask.java:95)
	at java.base/java.util.ArrayList.forEach(ArrayList.java:1511)
	at org.junit.platform.engine.support.hierarchical.SameThreadHierarchicalTestExecutorService.invokeAll(SameThreadHierarchicalTestExecutorService.java:41)
	at org.junit.platform.engine.support.hierarchical.NodeTestTask.lambda$executeRecursively$6(NodeTestTask.java:155)
	at org.junit.platform.engine.support.hierarchical.ThrowableCollector.execute(ThrowableCollector.java:73)
	at org.junit.platform.engine.support.hierarchical.NodeTestTask.lambda$executeRecursively$8(NodeTestTask.java:141)
	at org.junit.platform.engine.support.hierarchical.Node.around(Node.java:137)
	at org.junit.platform.engine.support.hierarchical.NodeTestTask.lambda$executeRecursively$9(NodeTestTask.java:139)
	at org.junit.platform.engine.support.hierarchical.ThrowableCollector.execute(ThrowableCollector.java:73)
	at org.junit.platform.engine.support.hierarchical.NodeTestTask.executeRecursively(NodeTestTask.java:138)
	at org.junit.platform.engine.support.hierarchical.NodeTestTask.execute(NodeTestTask.java:95)
	at java.base/java.util.ArrayList.forEach(ArrayList.java:1511)
	at org.junit.platform.engine.support.hierarchical.SameThreadHierarchicalTestExecutorService.invokeAll(SameThreadHierarchicalTestExecutorService.java:41)
	at org.junit.platform.engine.support.hierarchical.NodeTestTask.lambda$executeRecursively$6(NodeTestTask.java:155)
	at org.junit.platform.engine.support.hierarchical.ThrowableCollector.execute(ThrowableCollector.java:73)
	at org.junit.platform.engine.support.hierarchical.NodeTestTask.lambda$executeRecursively$8(NodeTestTask.java:141)
	at org.junit.platform.engine.support.hierarchical.Node.around(Node.java:137)
	at org.junit.platform.engine.support.hierarchical.NodeTestTask.lambda$executeRecursively$9(NodeTestTask.java:139)
	at org.junit.platform.engine.support.hierarchical.ThrowableCollector.execute(ThrowableCollector.java:73)
	at org.junit.platform.engine.support.hierarchical.NodeTestTask.executeRecursively(NodeTestTask.java:138)
	at org.junit.platform.engine.support.hierarchical.NodeTestTask.execute(NodeTestTask.java:95)
	at org.junit.platform.engine.support.hierarchical.SameThreadHierarchicalTestExecutorService.submit(SameThreadHierarchicalTestExecutorService.java:35)
	at org.junit.platform.engine.support.hierarchical.HierarchicalTestExecutor.execute(HierarchicalTestExecutor.java:57)
	at org.junit.platform.engine.support.hierarchical.HierarchicalTestEngine.execute(HierarchicalTestEngine.java:54)
	at org.junit.platform.launcher.core.EngineExecutionOrchestrator.execute(EngineExecutionOrchestrator.java:198)
	at org.junit.platform.launcher.core.EngineExecutionOrchestrator.execute(EngineExecutionOrchestrator.java:169)
	at org.junit.platform.launcher.core.EngineExecutionOrchestrator.execute(EngineExecutionOrchestrator.java:93)
	at org.junit.platform.launcher.core.EngineExecutionOrchestrator.lambda$execute$0(EngineExecutionOrchestrator.java:58)
	at org.junit.platform.launcher.core.EngineExecutionOrchestrator.withInterceptedStreams(EngineExecutionOrchestrator.java:141)
	at org.junit.platform.launcher.core.EngineExecutionOrchestrator.execute(EngineExecutionOrchestrator.java:57)
	at org.junit.platform.launcher.core.DefaultLauncher.execute(DefaultLauncher.java:103)
	at org.junit.platform.launcher.core.DefaultLauncher.execute(DefaultLauncher.java:85)
	at org.junit.platform.launcher.core.DelegatingLauncher.execute(DelegatingLauncher.java:47)
	at org.apache.maven.surefire.junitplatform.LazyLauncher.execute(LazyLauncher.java:56)
	at org.apache.maven.surefire.junitplatform.JUnitPlatformProvider.execute(JUnitPlatformProvider.java:184)
	at org.apache.maven.surefire.junitplatform.JUnitPlatformProvider.invokeAllTests(JUnitPlatformProvider.java:148)
	at org.apache.maven.surefire.junitplatform.JUnitPlatformProvider.invoke(JUnitPlatformProvider.java:122)
	at org.apache.maven.surefire.booter.ForkedBooter.runSuitesInProcess(ForkedBooter.java:385)
	at org.apache.maven.surefire.booter.ForkedBooter.execute(ForkedBooter.java:162)
	at org.apache.maven.surefire.booter.ForkedBooter.run(ForkedBooter.java:507)
	at org.apache.maven.surefire.booter.ForkedBooter.main(ForkedBooter.java:495)
2026-02-16 10:36:28.288 [main] ERROR c.r.exception.GlobalExceptionHandler - An unexpected error occurred: Some unexpected error
java.lang.Exception: Some unexpected error
	at com.rewardSystem.exception.GlobalExceptionHandlerTest.testHandleGenericException(GlobalExceptionHandlerTest.java:134)
	at java.base/jdk.internal.reflect.NativeMethodAccessorImpl.invoke0(Native Method)
	at java.base/jdk.internal.reflect.NativeMethodAccessorImpl.invoke(NativeMethodAccessorImpl.java:77)
	at java.base/jdk.internal.reflect.DelegatingMethodAccessorImpl.invoke(DelegatingMethodAccessorImpl.java:43)
	at java.base/java.lang.reflect.Method.invoke(Method.java:568)
	at org.junit.platform.commons.util.ReflectionUtils.invokeMethod(ReflectionUtils.java:728)
	at org.junit.jupiter.engine.execution.MethodInvocation.proceed(MethodInvocation.java:60)
	at org.junit.jupiter.engine.execution.InvocationInterceptorChain$ValidatingInvocation.proceed(InvocationInterceptorChain.java:131)
	at org.junit.jupiter.engine.extension.TimeoutExtension.intercept(TimeoutExtension.java:156)
	at org.junit.jupiter.engine.extension.TimeoutExtension.interceptTestableMethod(TimeoutExtension.java:147)
	at org.junit.jupiter.engine.extension.TimeoutExtension.interceptTestMethod(TimeoutExtension.java:86)
	at org.junit.jupiter.engine.execution.InterceptingExecutableInvoker$ReflectiveInterceptorCall.lambda$ofVoidMethod$0(InterceptingExecutableInvoker.java:103)
	at org.junit.jupiter.engine.execution.InterceptingExecutableInvoker.lambda$invoke$0(InterceptingExecutableInvoker.java:93)
	at org.junit.jupiter.engine.execution.InvocationInterceptorChain$InterceptedInvocation.proceed(InvocationInterceptorChain.java:106)
	at org.junit.jupiter.engine.execution.InvocationInterceptorChain.proceed(InvocationInterceptorChain.java:64)
	at org.junit.jupiter.engine.execution.InvocationInterceptorChain.chainAndInvoke(InvocationInterceptorChain.java:45)
	at org.junit.jupiter.engine.execution.InvocationInterceptorChain.invoke(InvocationInterceptorChain.java:37)
	at org.junit.jupiter.engine.execution.InterceptingExecutableInvoker.invoke(InterceptingExecutableInvoker.java:92)
	at org.junit.jupiter.engine.execution.InterceptingExecutableInvoker.invoke(InterceptingExecutableInvoker.java:86)
	at org.junit.jupiter.engine.descriptor.TestMethodTestDescriptor.lambda$invokeTestMethod$7(TestMethodTestDescriptor.java:218)
	at org.junit.platform.engine.support.hierarchical.ThrowableCollector.execute(ThrowableCollector.java:73)
	at org.junit.jupiter.engine.descriptor.TestMethodTestDescriptor.invokeTestMethod(TestMethodTestDescriptor.java:214)
	at org.junit.jupiter.engine.descriptor.TestMethodTestDescriptor.execute(TestMethodTestDescriptor.java:139)
	at org.junit.jupiter.engine.descriptor.TestMethodTestDescriptor.execute(TestMethodTestDescriptor.java:69)
	at org.junit.platform.engine.support.hierarchical.NodeTestTask.lambda$executeRecursively$6(NodeTestTask.java:151)
	at org.junit.platform.engine.support.hierarchical.ThrowableCollector.execute(ThrowableCollector.java:73)
	at org.junit.platform.engine.support.hierarchical.NodeTestTask.lambda$executeRecursively$8(NodeTestTask.java:141)
	at org.junit.platform.engine.support.hierarchical.Node.around(Node.java:137)
	at org.junit.platform.engine.support.hierarchical.NodeTestTask.lambda$executeRecursively$9(NodeTestTask.java:139)
	at org.junit.platform.engine.support.hierarchical.ThrowableCollector.execute(ThrowableCollector.java:73)
	at org.junit.platform.engine.support.hierarchical.NodeTestTask.executeRecursively(NodeTestTask.java:138)
	at org.junit.platform.engine.support.hierarchical.NodeTestTask.execute(NodeTestTask.java:95)
	at java.base/java.util.ArrayList.forEach(ArrayList.java:1511)
	at org.junit.platform.engine.support.hierarchical.SameThreadHierarchicalTestExecutorService.invokeAll(SameThreadHierarchicalTestExecutorService.java:41)
	at org.junit.platform.engine.support.hierarchical.NodeTestTask.lambda$executeRecursively$6(NodeTestTask.java:155)
	at org.junit.platform.engine.support.hierarchical.ThrowableCollector.execute(ThrowableCollector.java:73)
	at org.junit.platform.engine.support.hierarchical.NodeTestTask.lambda$executeRecursively$8(NodeTestTask.java:141)
	at org.junit.platform.engine.support.hierarchical.Node.around(Node.java:137)
	at org.junit.platform.engine.support.hierarchical.NodeTestTask.lambda$executeRecursively$9(NodeTestTask.java:139)
	at org.junit.platform.engine.support.hierarchical.ThrowableCollector.execute(ThrowableCollector.java:73)
	at org.junit.platform.engine.support.hierarchical.NodeTestTask.executeRecursively(NodeTestTask.java:138)
	at org.junit.platform.engine.support.hierarchical.NodeTestTask.execute(NodeTestTask.java:95)
	at java.base/java.util.ArrayList.forEach(ArrayList.java:1511)
	at org.junit.platform.engine.support.hierarchical.SameThreadHierarchicalTestExecutorService.invokeAll(SameThreadHierarchicalTestExecutorService.java:41)
	at org.junit.platform.engine.support.hierarchical.NodeTestTask.lambda$executeRecursively$6(NodeTestTask.java:155)
	at org.junit.platform.engine.support.hierarchical.ThrowableCollector.execute(ThrowableCollector.java:73)
	at org.junit.platform.engine.support.hierarchical.NodeTestTask.lambda$executeRecursively$8(NodeTestTask.java:141)
	at org.junit.platform.engine.support.hierarchical.Node.around(Node.java:137)
	at org.junit.platform.engine.support.hierarchical.NodeTestTask.lambda$executeRecursively$9(NodeTestTask.java:139)
	at org.junit.platform.engine.support.hierarchical.ThrowableCollector.execute(ThrowableCollector.java:73)
	at org.junit.platform.engine.support.hierarchical.NodeTestTask.executeRecursively(NodeTestTask.java:138)
	at org.junit.platform.engine.support.hierarchical.NodeTestTask.execute(NodeTestTask.java:95)
	at org.junit.platform.engine.support.hierarchical.SameThreadHierarchicalTestExecutorService.submit(SameThreadHierarchicalTestExecutorService.java:35)
	at org.junit.platform.engine.support.hierarchical.HierarchicalTestExecutor.execute(HierarchicalTestExecutor.java:57)
	at org.junit.platform.engine.support.hierarchical.HierarchicalTestEngine.execute(HierarchicalTestEngine.java:54)
	at org.junit.platform.launcher.core.EngineExecutionOrchestrator.execute(EngineExecutionOrchestrator.java:198)
	at org.junit.platform.launcher.core.EngineExecutionOrchestrator.execute(EngineExecutionOrchestrator.java:169)
	at org.junit.platform.launcher.core.EngineExecutionOrchestrator.execute(EngineExecutionOrchestrator.java:93)
	at org.junit.platform.launcher.core.EngineExecutionOrchestrator.lambda$execute$0(EngineExecutionOrchestrator.java:58)
	at org.junit.platform.launcher.core.EngineExecutionOrchestrator.withInterceptedStreams(EngineExecutionOrchestrator.java:141)
	at org.junit.platform.launcher.core.EngineExecutionOrchestrator.execute(EngineExecutionOrchestrator.java:57)
	at org.junit.platform.launcher.core.DefaultLauncher.execute(DefaultLauncher.java:103)
	at org.junit.platform.launcher.core.DefaultLauncher.execute(DefaultLauncher.java:85)
	at org.junit.platform.launcher.core.DelegatingLauncher.execute(DelegatingLauncher.java:47)
	at org.apache.maven.surefire.junitplatform.LazyLauncher.execute(LazyLauncher.java:56)
	at org.apache.maven.surefire.junitplatform.JUnitPlatformProvider.execute(JUnitPlatformProvider.java:184)
	at org.apache.maven.surefire.junitplatform.JUnitPlatformProvider.invokeAllTests(JUnitPlatformProvider.java:148)
	at org.apache.maven.surefire.junitplatform.JUnitPlatformProvider.invoke(JUnitPlatformProvider.java:122)
	at org.apache.maven.surefire.booter.ForkedBooter.runSuitesInProcess(ForkedBooter.java:385)
	at org.apache.maven.surefire.booter.ForkedBooter.execute(ForkedBooter.java:162)
	at org.apache.maven.surefire.booter.ForkedBooter.run(ForkedBooter.java:507)
	at org.apache.maven.surefire.booter.ForkedBooter.main(ForkedBooter.java:495)
2026-02-16 10:36:28.295 [main] ERROR c.r.exception.GlobalExceptionHandler - Internal server error: Internal server error occurred
com.rewardSystem.exception.InternalServerException: Internal server error occurred
	at com.rewardSystem.exception.GlobalExceptionHandlerTest.testHandleInternalServerException(GlobalExceptionHandlerTest.java:76)
	at java.base/jdk.internal.reflect.NativeMethodAccessorImpl.invoke0(Native Method)
	at java.base/jdk.internal.reflect.NativeMethodAccessorImpl.invoke(NativeMethodAccessorImpl.java:77)
	at java.base/jdk.internal.reflect.DelegatingMethodAccessorImpl.invoke(DelegatingMethodAccessorImpl.java:43)
	at java.base/java.lang.reflect.Method.invoke(Method.java:568)
	at org.junit.platform.commons.util.ReflectionUtils.invokeMethod(ReflectionUtils.java:728)
	at org.junit.jupiter.engine.execution.MethodInvocation.proceed(MethodInvocation.java:60)
	at org.junit.jupiter.engine.execution.InvocationInterceptorChain$ValidatingInvocation.proceed(InvocationInterceptorChain.java:131)
	at org.junit.jupiter.engine.extension.TimeoutExtension.intercept(TimeoutExtension.java:156)
	at org.junit.jupiter.engine.extension.TimeoutExtension.interceptTestableMethod(TimeoutExtension.java:147)
	at org.junit.jupiter.engine.extension.TimeoutExtension.interceptTestMethod(TimeoutExtension.java:86)
	at org.junit.jupiter.engine.execution.InterceptingExecutableInvoker$ReflectiveInterceptorCall.lambda$ofVoidMethod$0(InterceptingExecutableInvoker.java:103)
	at org.junit.jupiter.engine.execution.InterceptingExecutableInvoker.lambda$invoke$0(InterceptingExecutableInvoker.java:93)
	at org.junit.jupiter.engine.execution.InvocationInterceptorChain$InterceptedInvocation.proceed(InvocationInterceptorChain.java:106)
	at org.junit.jupiter.engine.execution.InvocationInterceptorChain.proceed(InvocationInterceptorChain.java:64)
	at org.junit.jupiter.engine.execution.InvocationInterceptorChain.chainAndInvoke(InvocationInterceptorChain.java:45)
	at org.junit.jupiter.engine.execution.InvocationInterceptorChain.invoke(InvocationInterceptorChain.java:37)
	at org.junit.jupiter.engine.execution.InterceptingExecutableInvoker.invoke(InterceptingExecutableInvoker.java:92)
	at org.junit.jupiter.engine.execution.InterceptingExecutableInvoker.invoke(InterceptingExecutableInvoker.java:86)
	at org.junit.jupiter.engine.descriptor.TestMethodTestDescriptor.lambda$invokeTestMethod$7(TestMethodTestDescriptor.java:218)
	at org.junit.platform.engine.support.hierarchical.ThrowableCollector.execute(ThrowableCollector.java:73)
	at org.junit.jupiter.engine.descriptor.TestMethodTestDescriptor.invokeTestMethod(TestMethodTestDescriptor.java:214)
	at org.junit.jupiter.engine.descriptor.TestMethodTestDescriptor.execute(TestMethodTestDescriptor.java:139)
	at org.junit.jupiter.engine.descriptor.TestMethodTestDescriptor.execute(TestMethodTestDescriptor.java:69)
	at org.junit.platform.engine.support.hierarchical.NodeTestTask.lambda$executeRecursively$6(NodeTestTask.java:151)
	at org.junit.platform.engine.support.hierarchical.ThrowableCollector.execute(ThrowableCollector.java:73)
	at org.junit.platform.engine.support.hierarchical.NodeTestTask.lambda$executeRecursively$8(NodeTestTask.java:141)
	at org.junit.platform.engine.support.hierarchical.Node.around(Node.java:137)
	at org.junit.platform.engine.support.hierarchical.NodeTestTask.lambda$executeRecursively$9(NodeTestTask.java:139)
	at org.junit.platform.engine.support.hierarchical.ThrowableCollector.execute(ThrowableCollector.java:73)
	at org.junit.platform.engine.support.hierarchical.NodeTestTask.executeRecursively(NodeTestTask.java:138)
	at org.junit.platform.engine.support.hierarchical.NodeTestTask.execute(NodeTestTask.java:95)
	at java.base/java.util.ArrayList.forEach(ArrayList.java:1511)
	at org.junit.platform.engine.support.hierarchical.SameThreadHierarchicalTestExecutorService.invokeAll(SameThreadHierarchicalTestExecutorService.java:41)
	at org.junit.platform.engine.support.hierarchical.NodeTestTask.lambda$executeRecursively$6(NodeTestTask.java:155)
	at org.junit.platform.engine.support.hierarchical.ThrowableCollector.execute(ThrowableCollector.java:73)
	at org.junit.platform.engine.support.hierarchical.NodeTestTask.lambda$executeRecursively$8(NodeTestTask.java:141)
	at org.junit.platform.engine.support.hierarchical.Node.around(Node.java:137)
	at org.junit.platform.engine.support.hierarchical.NodeTestTask.lambda$executeRecursively$9(NodeTestTask.java:139)
	at org.junit.platform.engine.support.hierarchical.ThrowableCollector.execute(ThrowableCollector.java:73)
	at org.junit.platform.engine.support.hierarchical.NodeTestTask.executeRecursively(NodeTestTask.java:138)
	at org.junit.platform.engine.support.hierarchical.NodeTestTask.execute(NodeTestTask.java:95)
	at java.base/java.util.ArrayList.forEach(ArrayList.java:1511)
	at org.junit.platform.engine.support.hierarchical.SameThreadHierarchicalTestExecutorService.invokeAll(SameThreadHierarchicalTestExecutorService.java:41)
	at org.junit.platform.engine.support.hierarchical.NodeTestTask.lambda$executeRecursively$6(NodeTestTask.java:155)
	at org.junit.platform.engine.support.hierarchical.ThrowableCollector.execute(ThrowableCollector.java:73)
	at org.junit.platform.engine.support.hierarchical.NodeTestTask.lambda$executeRecursively$8(NodeTestTask.java:141)
	at org.junit.platform.engine.support.hierarchical.Node.around(Node.java:137)
	at org.junit.platform.engine.support.hierarchical.NodeTestTask.lambda$executeRecursively$9(NodeTestTask.java:139)
	at org.junit.platform.engine.support.hierarchical.ThrowableCollector.execute(ThrowableCollector.java:73)
	at org.junit.platform.engine.support.hierarchical.NodeTestTask.executeRecursively(NodeTestTask.java:138)
	at org.junit.platform.engine.support.hierarchical.NodeTestTask.execute(NodeTestTask.java:95)
	at org.junit.platform.engine.support.hierarchical.SameThreadHierarchicalTestExecutorService.submit(SameThreadHierarchicalTestExecutorService.java:35)
	at org.junit.platform.engine.support.hierarchical.HierarchicalTestExecutor.execute(HierarchicalTestExecutor.java:57)
	at org.junit.platform.engine.support.hierarchical.HierarchicalTestEngine.execute(HierarchicalTestEngine.java:54)
	at org.junit.platform.launcher.core.EngineExecutionOrchestrator.execute(EngineExecutionOrchestrator.java:198)
	at org.junit.platform.launcher.core.EngineExecutionOrchestrator.execute(EngineExecutionOrchestrator.java:169)
	at org.junit.platform.launcher.core.EngineExecutionOrchestrator.execute(EngineExecutionOrchestrator.java:93)
	at org.junit.platform.launcher.core.EngineExecutionOrchestrator.lambda$execute$0(EngineExecutionOrchestrator.java:58)
	at org.junit.platform.launcher.core.EngineExecutionOrchestrator.withInterceptedStreams(EngineExecutionOrchestrator.java:141)
	at org.junit.platform.launcher.core.EngineExecutionOrchestrator.execute(EngineExecutionOrchestrator.java:57)
	at org.junit.platform.launcher.core.DefaultLauncher.execute(DefaultLauncher.java:103)
	at org.junit.platform.launcher.core.DefaultLauncher.execute(DefaultLauncher.java:85)
	at org.junit.platform.launcher.core.DelegatingLauncher.execute(DelegatingLauncher.java:47)
	at org.apache.maven.surefire.junitplatform.LazyLauncher.execute(LazyLauncher.java:56)
	at org.apache.maven.surefire.junitplatform.JUnitPlatformProvider.execute(JUnitPlatformProvider.java:184)
	at org.apache.maven.surefire.junitplatform.JUnitPlatformProvider.invokeAllTests(JUnitPlatformProvider.java:148)
	at org.apache.maven.surefire.junitplatform.JUnitPlatformProvider.invoke(JUnitPlatformProvider.java:122)
	at org.apache.maven.surefire.booter.ForkedBooter.runSuitesInProcess(ForkedBooter.java:385)
	at org.apache.maven.surefire.booter.ForkedBooter.execute(ForkedBooter.java:162)
	at org.apache.maven.surefire.booter.ForkedBooter.run(ForkedBooter.java:507)
	at org.apache.maven.surefire.booter.ForkedBooter.main(ForkedBooter.java:495)
2026-02-16 10:36:28.301 [main] WARN  c.r.exception.GlobalExceptionHandler - Resource not found: Test error
2026-02-16 10:36:28.305 [main] WARN  c.r.exception.GlobalExceptionHandler - Resource not found: Resource not found
2026-02-16 10:36:28.311 [main] WARN  c.r.exception.GlobalExceptionHandler - Resource not found: Test
2026-02-16 10:36:28.317 [main] WARN  c.r.exception.GlobalExceptionHandler - Resource not found: Customer not found
2026-02-16 10:36:28.321 [main] ERROR c.r.exception.GlobalExceptionHandler - Null pointer exception occurred: Null pointer occurred
java.lang.NullPointerException: Null pointer occurred
	at com.rewardSystem.exception.GlobalExceptionHandlerTest.testHandleNullPointerException(GlobalExceptionHandlerTest.java:114)
	at java.base/jdk.internal.reflect.NativeMethodAccessorImpl.invoke0(Native Method)
	at java.base/jdk.internal.reflect.NativeMethodAccessorImpl.invoke(NativeMethodAccessorImpl.java:77)
	at java.base/jdk.internal.reflect.DelegatingMethodAccessorImpl.invoke(DelegatingMethodAccessorImpl.java:43)
	at java.base/java.lang.reflect.Method.invoke(Method.java:568)
	at org.junit.platform.commons.util.ReflectionUtils.invokeMethod(ReflectionUtils.java:728)
	at org.junit.jupiter.engine.execution.MethodInvocation.proceed(MethodInvocation.java:60)
	at org.junit.jupiter.engine.execution.InvocationInterceptorChain$ValidatingInvocation.proceed(InvocationInterceptorChain.java:131)
	at org.junit.jupiter.engine.extension.TimeoutExtension.intercept(TimeoutExtension.java:156)
	at org.junit.jupiter.engine.extension.TimeoutExtension.interceptTestableMethod(TimeoutExtension.java:147)
	at org.junit.jupiter.engine.extension.TimeoutExtension.interceptTestMethod(TimeoutExtension.java:86)
	at org.junit.jupiter.engine.execution.InterceptingExecutableInvoker$ReflectiveInterceptorCall.lambda$ofVoidMethod$0(InterceptingExecutableInvoker.java:103)
	at org.junit.jupiter.engine.execution.InterceptingExecutableInvoker.lambda$invoke$0(InterceptingExecutableInvoker.java:93)
	at org.junit.jupiter.engine.execution.InvocationInterceptorChain$InterceptedInvocation.proceed(InvocationInterceptorChain.java:106)
	at org.junit.jupiter.engine.execution.InvocationInterceptorChain.proceed(InvocationInterceptorChain.java:64)
	at org.junit.jupiter.engine.execution.InvocationInterceptorChain.chainAndInvoke(InvocationInterceptorChain.java:45)
	at org.junit.jupiter.engine.execution.InvocationInterceptorChain.invoke(InvocationInterceptorChain.java:37)
	at org.junit.jupiter.engine.execution.InterceptingExecutableInvoker.invoke(InterceptingExecutableInvoker.java:92)
	at org.junit.jupiter.engine.execution.InterceptingExecutableInvoker.invoke(InterceptingExecutableInvoker.java:86)
	at org.junit.jupiter.engine.descriptor.TestMethodTestDescriptor.lambda$invokeTestMethod$7(TestMethodTestDescriptor.java:218)
	at org.junit.platform.engine.support.hierarchical.ThrowableCollector.execute(ThrowableCollector.java:73)
	at org.junit.jupiter.engine.descriptor.TestMethodTestDescriptor.invokeTestMethod(TestMethodTestDescriptor.java:214)
	at org.junit.jupiter.engine.descriptor.TestMethodTestDescriptor.execute(TestMethodTestDescriptor.java:139)
	at org.junit.jupiter.engine.descriptor.TestMethodTestDescriptor.execute(TestMethodTestDescriptor.java:69)
	at org.junit.platform.engine.support.hierarchical.NodeTestTask.lambda$executeRecursively$6(NodeTestTask.java:151)
	at org.junit.platform.engine.support.hierarchical.ThrowableCollector.execute(ThrowableCollector.java:73)
	at org.junit.platform.engine.support.hierarchical.NodeTestTask.lambda$executeRecursively$8(NodeTestTask.java:141)
	at org.junit.platform.engine.support.hierarchical.Node.around(Node.java:137)
	at org.junit.platform.engine.support.hierarchical.NodeTestTask.lambda$executeRecursively$9(NodeTestTask.java:139)
	at org.junit.platform.engine.support.hierarchical.ThrowableCollector.execute(ThrowableCollector.java:73)
	at org.junit.platform.engine.support.hierarchical.NodeTestTask.executeRecursively(NodeTestTask.java:138)
	at org.junit.platform.engine.support.hierarchical.NodeTestTask.execute(NodeTestTask.java:95)
	at java.base/java.util.ArrayList.forEach(ArrayList.java:1511)
	at org.junit.platform.engine.support.hierarchical.SameThreadHierarchicalTestExecutorService.invokeAll(SameThreadHierarchicalTestExecutorService.java:41)
	at org.junit.platform.engine.support.hierarchical.NodeTestTask.lambda$executeRecursively$6(NodeTestTask.java:155)
	at org.junit.platform.engine.support.hierarchical.ThrowableCollector.execute(ThrowableCollector.java:73)
	at org.junit.platform.engine.support.hierarchical.NodeTestTask.lambda$executeRecursively$8(NodeTestTask.java:141)
	at org.junit.platform.engine.support.hierarchical.Node.around(Node.java:137)
	at org.junit.platform.engine.support.hierarchical.NodeTestTask.lambda$executeRecursively$9(NodeTestTask.java:139)
	at org.junit.platform.engine.support.hierarchical.ThrowableCollector.execute(ThrowableCollector.java:73)
	at org.junit.platform.engine.support.hierarchical.NodeTestTask.executeRecursively(NodeTestTask.java:138)
	at org.junit.platform.engine.support.hierarchical.NodeTestTask.execute(NodeTestTask.java:95)
	at java.base/java.util.ArrayList.forEach(ArrayList.java:1511)
	at org.junit.platform.engine.support.hierarchical.SameThreadHierarchicalTestExecutorService.invokeAll(SameThreadHierarchicalTestExecutorService.java:41)
	at org.junit.platform.engine.support.hierarchical.NodeTestTask.lambda$executeRecursively$6(NodeTestTask.java:155)
	at org.junit.platform.engine.support.hierarchical.ThrowableCollector.execute(ThrowableCollector.java:73)
	at org.junit.platform.engine.support.hierarchical.NodeTestTask.lambda$executeRecursively$8(NodeTestTask.java:141)
	at org.junit.platform.engine.support.hierarchical.Node.around(Node.java:137)
	at org.junit.platform.engine.support.hierarchical.NodeTestTask.lambda$executeRecursively$9(NodeTestTask.java:139)
	at org.junit.platform.engine.support.hierarchical.ThrowableCollector.execute(ThrowableCollector.java:73)
	at org.junit.platform.engine.support.hierarchical.NodeTestTask.executeRecursively(NodeTestTask.java:138)
	at org.junit.platform.engine.support.hierarchical.NodeTestTask.execute(NodeTestTask.java:95)
	at org.junit.platform.engine.support.hierarchical.SameThreadHierarchicalTestExecutorService.submit(SameThreadHierarchicalTestExecutorService.java:35)
	at org.junit.platform.engine.support.hierarchical.HierarchicalTestExecutor.execute(HierarchicalTestExecutor.java:57)
	at org.junit.platform.engine.support.hierarchical.HierarchicalTestEngine.execute(HierarchicalTestEngine.java:54)
	at org.junit.platform.launcher.core.EngineExecutionOrchestrator.execute(EngineExecutionOrchestrator.java:198)
	at org.junit.platform.launcher.core.EngineExecutionOrchestrator.execute(EngineExecutionOrchestrator.java:169)
	at org.junit.platform.launcher.core.EngineExecutionOrchestrator.execute(EngineExecutionOrchestrator.java:93)
	at org.junit.platform.launcher.core.EngineExecutionOrchestrator.lambda$execute$0(EngineExecutionOrchestrator.java:58)
	at org.junit.platform.launcher.core.EngineExecutionOrchestrator.withInterceptedStreams(EngineExecutionOrchestrator.java:141)
	at org.junit.platform.launcher.core.EngineExecutionOrchestrator.execute(EngineExecutionOrchestrator.java:57)
	at org.junit.platform.launcher.core.DefaultLauncher.execute(DefaultLauncher.java:103)
	at org.junit.platform.launcher.core.DefaultLauncher.execute(DefaultLauncher.java:85)
	at org.junit.platform.launcher.core.DelegatingLauncher.execute(DelegatingLauncher.java:47)
	at org.apache.maven.surefire.junitplatform.LazyLauncher.execute(LazyLauncher.java:56)
	at org.apache.maven.surefire.junitplatform.JUnitPlatformProvider.execute(JUnitPlatformProvider.java:184)
	at org.apache.maven.surefire.junitplatform.JUnitPlatformProvider.invokeAllTests(JUnitPlatformProvider.java:148)
	at org.apache.maven.surefire.junitplatform.JUnitPlatformProvider.invoke(JUnitPlatformProvider.java:122)
	at org.apache.maven.surefire.booter.ForkedBooter.runSuitesInProcess(ForkedBooter.java:385)
	at org.apache.maven.surefire.booter.ForkedBooter.execute(ForkedBooter.java:162)
	at org.apache.maven.surefire.booter.ForkedBooter.run(ForkedBooter.java:507)
	at org.apache.maven.surefire.booter.ForkedBooter.main(ForkedBooter.java:495)
2026-02-16 10:36:28.327 [main] ERROR c.r.exception.GlobalExceptionHandler - Data processing error: Error processing data
com.rewardSystem.exception.DataProcessingException: Error processing data
	at com.rewardSystem.exception.GlobalExceptionHandlerTest.testHandleDataProcessingException(GlobalExceptionHandlerTest.java:57)
	at java.base/jdk.internal.reflect.NativeMethodAccessorImpl.invoke0(Native Method)
	at java.base/jdk.internal.reflect.NativeMethodAccessorImpl.invoke(NativeMethodAccessorImpl.java:77)
	at java.base/jdk.internal.reflect.DelegatingMethodAccessorImpl.invoke(DelegatingMethodAccessorImpl.java:43)
	at java.base/java.lang.reflect.Method.invoke(Method.java:568)
	at org.junit.platform.commons.util.ReflectionUtils.invokeMethod(ReflectionUtils.java:728)
	at org.junit.jupiter.engine.execution.MethodInvocation.proceed(MethodInvocation.java:60)
	at org.junit.jupiter.engine.execution.InvocationInterceptorChain$ValidatingInvocation.proceed(InvocationInterceptorChain.java:131)
	at org.junit.jupiter.engine.extension.TimeoutExtension.intercept(TimeoutExtension.java:156)
	at org.junit.jupiter.engine.extension.TimeoutExtension.interceptTestableMethod(TimeoutExtension.java:147)
	at org.junit.jupiter.engine.extension.TimeoutExtension.interceptTestMethod(TimeoutExtension.java:86)
	at org.junit.jupiter.engine.execution.InterceptingExecutableInvoker$ReflectiveInterceptorCall.lambda$ofVoidMethod$0(InterceptingExecutableInvoker.java:103)
	at org.junit.jupiter.engine.execution.InterceptingExecutableInvoker.lambda$invoke$0(InterceptingExecutableInvoker.java:93)
	at org.junit.jupiter.engine.execution.InvocationInterceptorChain$InterceptedInvocation.proceed(InvocationInterceptorChain.java:106)
	at org.junit.jupiter.engine.execution.InvocationInterceptorChain.proceed(InvocationInterceptorChain.java:64)
	at org.junit.jupiter.engine.execution.InvocationInterceptorChain.chainAndInvoke(InvocationInterceptorChain.java:45)
	at org.junit.jupiter.engine.execution.InvocationInterceptorChain.invoke(InvocationInterceptorChain.java:37)
	at org.junit.jupiter.engine.execution.InterceptingExecutableInvoker.invoke(InterceptingExecutableInvoker.java:92)
	at org.junit.jupiter.engine.execution.InterceptingExecutableInvoker.invoke(InterceptingExecutableInvoker.java:86)
	at org.junit.jupiter.engine.descriptor.TestMethodTestDescriptor.lambda$invokeTestMethod$7(TestMethodTestDescriptor.java:218)
	at org.junit.platform.engine.support.hierarchical.ThrowableCollector.execute(ThrowableCollector.java:73)
	at org.junit.jupiter.engine.descriptor.TestMethodTestDescriptor.invokeTestMethod(TestMethodTestDescriptor.java:214)
	at org.junit.jupiter.engine.descriptor.TestMethodTestDescriptor.execute(TestMethodTestDescriptor.java:139)
	at org.junit.jupiter.engine.descriptor.TestMethodTestDescriptor.execute(TestMethodTestDescriptor.java:69)
	at org.junit.platform.engine.support.hierarchical.NodeTestTask.lambda$executeRecursively$6(NodeTestTask.java:151)
	at org.junit.platform.engine.support.hierarchical.ThrowableCollector.execute(ThrowableCollector.java:73)
	at org.junit.platform.engine.support.hierarchical.NodeTestTask.lambda$executeRecursively$8(NodeTestTask.java:141)
	at org.junit.platform.engine.support.hierarchical.Node.around(Node.java:137)
	at org.junit.platform.engine.support.hierarchical.NodeTestTask.lambda$executeRecursively$9(NodeTestTask.java:139)
	at org.junit.platform.engine.support.hierarchical.ThrowableCollector.execute(ThrowableCollector.java:73)
	at org.junit.platform.engine.support.hierarchical.NodeTestTask.executeRecursively(NodeTestTask.java:138)
	at org.junit.platform.engine.support.hierarchical.NodeTestTask.execute(NodeTestTask.java:95)
	at java.base/java.util.ArrayList.forEach(ArrayList.java:1511)
	at org.junit.platform.engine.support.hierarchical.SameThreadHierarchicalTestExecutorService.invokeAll(SameThreadHierarchicalTestExecutorService.java:41)
	at org.junit.platform.engine.support.hierarchical.NodeTestTask.lambda$executeRecursively$6(NodeTestTask.java:155)
	at org.junit.platform.engine.support.hierarchical.ThrowableCollector.execute(ThrowableCollector.java:73)
	at org.junit.platform.engine.support.hierarchical.NodeTestTask.lambda$executeRecursively$8(NodeTestTask.java:141)
	at org.junit.platform.engine.support.hierarchical.Node.around(Node.java:137)
	at org.junit.platform.engine.support.hierarchical.NodeTestTask.lambda$executeRecursively$9(NodeTestTask.java:139)
	at org.junit.platform.engine.support.hierarchical.ThrowableCollector.execute(ThrowableCollector.java:73)
	at org.junit.platform.engine.support.hierarchical.NodeTestTask.executeRecursively(NodeTestTask.java:138)
	at org.junit.platform.engine.support.hierarchical.NodeTestTask.execute(NodeTestTask.java:95)
	at java.base/java.util.ArrayList.forEach(ArrayList.java:1511)
	at org.junit.platform.engine.support.hierarchical.SameThreadHierarchicalTestExecutorService.invokeAll(SameThreadHierarchicalTestExecutorService.java:41)
	at org.junit.platform.engine.support.hierarchical.NodeTestTask.lambda$executeRecursively$6(NodeTestTask.java:155)
	at org.junit.platform.engine.support.hierarchical.ThrowableCollector.execute(ThrowableCollector.java:73)
	at org.junit.platform.engine.support.hierarchical.NodeTestTask.lambda$executeRecursively$8(NodeTestTask.java:141)
	at org.junit.platform.engine.support.hierarchical.Node.around(Node.java:137)
	at org.junit.platform.engine.support.hierarchical.NodeTestTask.lambda$executeRecursively$9(NodeTestTask.java:139)
	at org.junit.platform.engine.support.hierarchical.ThrowableCollector.execute(ThrowableCollector.java:73)
	at org.junit.platform.engine.support.hierarchical.NodeTestTask.executeRecursively(NodeTestTask.java:138)
	at org.junit.platform.engine.support.hierarchical.NodeTestTask.execute(NodeTestTask.java:95)
	at org.junit.platform.engine.support.hierarchical.SameThreadHierarchicalTestExecutorService.submit(SameThreadHierarchicalTestExecutorService.java:35)
	at org.junit.platform.engine.support.hierarchical.HierarchicalTestExecutor.execute(HierarchicalTestExecutor.java:57)
	at org.junit.platform.engine.support.hierarchical.HierarchicalTestEngine.execute(HierarchicalTestEngine.java:54)
	at org.junit.platform.launcher.core.EngineExecutionOrchestrator.execute(EngineExecutionOrchestrator.java:198)
	at org.junit.platform.launcher.core.EngineExecutionOrchestrator.execute(EngineExecutionOrchestrator.java:169)
	at org.junit.platform.launcher.core.EngineExecutionOrchestrator.execute(EngineExecutionOrchestrator.java:93)
	at org.junit.platform.launcher.core.EngineExecutionOrchestrator.lambda$execute$0(EngineExecutionOrchestrator.java:58)
	at org.junit.platform.launcher.core.EngineExecutionOrchestrator.withInterceptedStreams(EngineExecutionOrchestrator.java:141)
	at org.junit.platform.launcher.core.EngineExecutionOrchestrator.execute(EngineExecutionOrchestrator.java:57)
	at org.junit.platform.launcher.core.DefaultLauncher.execute(DefaultLauncher.java:103)
	at org.junit.platform.launcher.core.DefaultLauncher.execute(DefaultLauncher.java:85)
	at org.junit.platform.launcher.core.DelegatingLauncher.execute(DelegatingLauncher.java:47)
	at org.apache.maven.surefire.junitplatform.LazyLauncher.execute(LazyLauncher.java:56)
	at org.apache.maven.surefire.junitplatform.JUnitPlatformProvider.execute(JUnitPlatformProvider.java:184)
	at org.apache.maven.surefire.junitplatform.JUnitPlatformProvider.invokeAllTests(JUnitPlatformProvider.java:148)
	at org.apache.maven.surefire.junitplatform.JUnitPlatformProvider.invoke(JUnitPlatformProvider.java:122)
	at org.apache.maven.surefire.booter.ForkedBooter.runSuitesInProcess(ForkedBooter.java:385)
	at org.apache.maven.surefire.booter.ForkedBooter.execute(ForkedBooter.java:162)
	at org.apache.maven.surefire.booter.ForkedBooter.run(ForkedBooter.java:507)
	at org.apache.maven.surefire.booter.ForkedBooter.main(ForkedBooter.java:495)
2026-02-16 10:36:28.373 [main] INFO  o.s.t.c.s.AnnotationConfigContextLoaderUtils - Could not detect default configuration classes for test class [com.rewardSystem.repository.TransactionsRepositoryTest]: TransactionsRepositoryTest does not declare any static, non-private, non-final, nested classes annotated with @Configuration.
2026-02-16 10:36:28.420 [main] INFO  o.s.b.t.c.SpringBootTestContextBootstrapper - Found @SpringBootConfiguration com.rewardSystem.RewardSystemApplication for test class com.rewardSystem.repository.TransactionsRepositoryTest
2026-02-16 10:36:28.513 [main] INFO  c.r.r.TransactionsRepositoryTest - Starting TransactionsRepositoryTest using Java 17.0.11 with PID 19356 (started by Mahesh in C:\Users\Mahesh\Downloads\rewardSystem\rewardSystem)
2026-02-16 10:36:28.515 [main] DEBUG c.r.r.TransactionsRepositoryTest - Running with Spring Boot v3.2.2, Spring v6.1.3
2026-02-16 10:36:28.515 [main] INFO  c.r.r.TransactionsRepositoryTest - No active profile set, falling back to 1 default profile: "default"
2026-02-16 10:36:28.872 [main] INFO  o.s.d.r.c.RepositoryConfigurationDelegate - Bootstrapping Spring Data JPA repositories in DEFAULT mode.
2026-02-16 10:36:28.955 [main] INFO  o.s.d.r.c.RepositoryConfigurationDelegate - Finished Spring Data repository scanning in 64 ms. Found 1 JPA repository interface.
2026-02-16 10:36:29.043 [main] INFO  o.s.b.t.a.j.TestDatabaseAutoConfiguration$EmbeddedDataSourceBeanFactoryPostProcessor - Replacing 'dataSource' DataSource bean with embedded version
2026-02-16 10:36:29.165 [main] INFO  o.s.j.d.e.EmbeddedDatabaseFactory - Starting embedded database: url='jdbc:h2:mem:cfbcd184-2d93-4cee-9769-5efc1c50a6de;DB_CLOSE_DELAY=-1;DB_CLOSE_ON_EXIT=false', username='sa'
2026-02-16 10:36:29.776 [main] INFO  o.h.jpa.internal.util.LogHelper - HHH000204: Processing PersistenceUnitInfo [name: default]
2026-02-16 10:36:29.927 [main] INFO  org.hibernate.Version - HHH000412: Hibernate ORM core version 6.4.1.Final
2026-02-16 10:36:29.997 [main] INFO  o.h.c.i.RegionFactoryInitiator - HHH000026: Second-level cache disabled
2026-02-16 10:36:30.242 [main] INFO  o.s.o.j.p.SpringPersistenceUnitInfo - No LoadTimeWeaver setup: ignoring JPA class transformer
2026-02-16 10:36:30.346 [main] WARN  org.hibernate.orm.deprecation - HHH90000025: H2Dialect does not need to be specified explicitly using 'hibernate.dialect' (remove the property setting and it will be selected by default)
2026-02-16 10:36:31.334 [main] INFO  o.h.e.t.j.p.i.JtaPlatformInitiator - HHH000489: No JTA platform available (set 'hibernate.transaction.jta.platform' to enable JTA platform integration)
2026-02-16 10:36:31.397 [main] INFO  o.s.o.j.LocalContainerEntityManagerFactoryBean - Initialized JPA EntityManagerFactory for persistence unit 'default'
2026-02-16 10:36:31.880 [main] INFO  c.r.r.TransactionsRepositoryTest - Started TransactionsRepositoryTest in 3.447 seconds (process running for 9.432)
2026-02-16 10:36:32.875 [main] INFO  o.s.t.c.s.AnnotationConfigContextLoaderUtils - Could not detect default configuration classes for test class [com.rewardSystem.RewardSystemApplicationTests]: RewardSystemApplicationTests does not declare any static, non-private, non-final, nested classes annotated with @Configuration.
2026-02-16 10:36:32.887 [main] INFO  o.s.b.t.c.SpringBootTestContextBootstrapper - Found @SpringBootConfiguration com.rewardSystem.RewardSystemApplication for test class com.rewardSystem.RewardSystemApplicationTests
2026-02-16 10:36:32.925 [main] INFO  c.r.RewardSystemApplicationTests - Starting RewardSystemApplicationTests using Java 17.0.11 with PID 19356 (started by Mahesh in C:\Users\Mahesh\Downloads\rewardSystem\rewardSystem)
2026-02-16 10:36:32.925 [main] DEBUG c.r.RewardSystemApplicationTests - Running with Spring Boot v3.2.2, Spring v6.1.3
2026-02-16 10:36:32.925 [main] INFO  c.r.RewardSystemApplicationTests - No active profile set, falling back to 1 default profile: "default"
2026-02-16 10:36:33.315 [main] INFO  o.s.d.r.c.RepositoryConfigurationDelegate - Bootstrapping Spring Data JPA repositories in DEFAULT mode.
2026-02-16 10:36:33.337 [main] INFO  o.s.d.r.c.RepositoryConfigurationDelegate - Finished Spring Data repository scanning in 21 ms. Found 1 JPA repository interface.
2026-02-16 10:36:33.568 [main] INFO  o.h.jpa.internal.util.LogHelper - HHH000204: Processing PersistenceUnitInfo [name: default]
2026-02-16 10:36:33.576 [main] INFO  o.h.c.i.RegionFactoryInitiator - HHH000026: Second-level cache disabled
2026-02-16 10:36:33.588 [main] INFO  o.s.o.j.p.SpringPersistenceUnitInfo - No LoadTimeWeaver setup: ignoring JPA class transformer
2026-02-16 10:36:33.592 [main] INFO  com.zaxxer.hikari.HikariDataSource - HikariPool-1 - Starting...
2026-02-16 10:36:34.240 [main] INFO  com.zaxxer.hikari.pool.HikariPool - HikariPool-1 - Added connection com.mysql.cj.jdbc.ConnectionImpl@1000303a
2026-02-16 10:36:34.243 [main] INFO  com.zaxxer.hikari.HikariDataSource - HikariPool-1 - Start completed.
2026-02-16 10:36:34.423 [main] INFO  o.h.e.t.j.p.i.JtaPlatformInitiator - HHH000489: No JTA platform available (set 'hibernate.transaction.jta.platform' to enable JTA platform integration)
2026-02-16 10:36:34.497 [main] INFO  o.s.o.j.LocalContainerEntityManagerFactoryBean - Initialized JPA EntityManagerFactory for persistence unit 'default'
2026-02-16 10:36:34.820 [main] WARN  o.s.b.a.o.j.JpaBaseConfiguration$JpaWebConfiguration - spring.jpa.open-in-view is enabled by default. Therefore, database queries may be performed during view rendering. Explicitly configure spring.jpa.open-in-view to disable this warning
2026-02-16 10:36:35.057 [main] INFO  c.r.RewardSystemApplicationTests - Started RewardSystemApplicationTests in 2.161 seconds (process running for 12.602)
2026-02-16 10:36:35.403 [main] DEBUG c.r.service.RewardServiceImpl - Starting findAllRewards operation
2026-02-16 10:36:35.403 [main] DEBUG c.r.service.RewardServiceImpl - Filtering transactions from date: 2025-12-01
2026-02-16 10:36:35.403 [main] INFO  c.r.service.RewardServiceImpl - Retrieved 1 total transactions from database
2026-02-16 10:36:35.403 [main] DEBUG c.r.service.RewardServiceImpl - Processing rewards for customer ID: 1
2026-02-16 10:36:35.403 [main] DEBUG c.r.service.RewardServiceImpl - Building reward response for customer ID: 1
2026-02-16 10:36:35.410 [main] DEBUG c.r.service.RewardServiceImpl - Successfully built reward response for customer 1: 150 total points
2026-02-16 10:36:35.410 [main] INFO  c.r.service.RewardServiceImpl - Successfully calculated rewards for 1 customers
2026-02-16 10:36:35.423 [main] DEBUG c.r.service.RewardServiceImpl - Starting findAllRewards operation
2026-02-16 10:36:35.423 [main] DEBUG c.r.service.RewardServiceImpl - Filtering transactions from date: 2025-12-01
2026-02-16 10:36:35.423 [main] INFO  c.r.service.RewardServiceImpl - Retrieved 3 total transactions from database
2026-02-16 10:36:35.423 [main] DEBUG c.r.service.RewardServiceImpl - Processing rewards for customer ID: 1
2026-02-16 10:36:35.423 [main] DEBUG c.r.service.RewardServiceImpl - Building reward response for customer ID: 1
2026-02-16 10:36:35.423 [main] DEBUG c.r.service.RewardServiceImpl - Successfully built reward response for customer 1: 150 total points
2026-02-16 10:36:35.423 [main] INFO  c.r.service.RewardServiceImpl - Successfully calculated rewards for 1 customers
2026-02-16 10:36:35.430 [main] DEBUG c.r.service.RewardServiceImpl - Starting findAllRewards operation
2026-02-16 10:36:35.430 [main] DEBUG c.r.service.RewardServiceImpl - Filtering transactions from date: 2025-12-01
2026-02-16 10:36:35.430 [main] INFO  c.r.service.RewardServiceImpl - Retrieved 1 total transactions from database
2026-02-16 10:36:35.430 [main] DEBUG c.r.service.RewardServiceImpl - Processing rewards for customer ID: 1
2026-02-16 10:36:35.430 [main] DEBUG c.r.service.RewardServiceImpl - Building reward response for customer ID: 1
2026-02-16 10:36:35.432 [main] DEBUG c.r.service.RewardServiceImpl - Successfully built reward response for customer 1: 50 total points
2026-02-16 10:36:35.432 [main] INFO  c.r.service.RewardServiceImpl - Successfully calculated rewards for 1 customers
2026-02-16 10:36:35.438 [main] DEBUG c.r.service.RewardServiceImpl - Starting findAllRewards operation
2026-02-16 10:36:35.438 [main] DEBUG c.r.service.RewardServiceImpl - Filtering transactions from date: 2025-12-01
2026-02-16 10:36:35.438 [main] INFO  c.r.service.RewardServiceImpl - Retrieved 4 total transactions from database
2026-02-16 10:36:35.438 [main] DEBUG c.r.service.RewardServiceImpl - Processing rewards for customer ID: 1
2026-02-16 10:36:35.438 [main] DEBUG c.r.service.RewardServiceImpl - Building reward response for customer ID: 1
2026-02-16 10:36:35.438 [main] DEBUG c.r.service.RewardServiceImpl - Successfully built reward response for customer 1: 125 total points
2026-02-16 10:36:35.438 [main] INFO  c.r.service.RewardServiceImpl - Successfully calculated rewards for 1 customers
2026-02-16 10:36:35.444 [main] DEBUG c.r.service.RewardServiceImpl - Starting findAllRewards operation
2026-02-16 10:36:35.444 [main] DEBUG c.r.service.RewardServiceImpl - Filtering transactions from date: 2025-12-01
2026-02-16 10:36:35.444 [main] INFO  c.r.service.RewardServiceImpl - Retrieved 0 total transactions from database
2026-02-16 10:36:35.444 [main] WARN  c.r.service.RewardServiceImpl - No transactions found in database
2026-02-16 10:36:35.449 [main] DEBUG c.r.service.RewardServiceImpl - Starting findAllRewards operation
2026-02-16 10:36:35.449 [main] DEBUG c.r.service.RewardServiceImpl - Filtering transactions from date: 2025-12-01
2026-02-16 10:36:35.449 [main] INFO  c.r.service.RewardServiceImpl - Retrieved 1 total transactions from database
2026-02-16 10:36:35.449 [main] DEBUG c.r.service.RewardServiceImpl - Processing rewards for customer ID: 1
2026-02-16 10:36:35.449 [main] DEBUG c.r.service.RewardServiceImpl - Building reward response for customer ID: 1
2026-02-16 10:36:35.449 [main] DEBUG c.r.service.RewardServiceImpl - Successfully built reward response for customer 1: 0 total points
2026-02-16 10:36:35.449 [main] INFO  c.r.service.RewardServiceImpl - Successfully calculated rewards for 1 customers
2026-02-16 10:36:35.454 [main] DEBUG c.r.service.RewardServiceImpl - Starting findAllRewards operation
2026-02-16 10:36:35.454 [main] DEBUG c.r.service.RewardServiceImpl - Filtering transactions from date: 2025-12-01
2026-02-16 10:36:35.454 [main] INFO  c.r.service.RewardServiceImpl - Retrieved 1 total transactions from database
2026-02-16 10:36:35.454 [main] DEBUG c.r.service.RewardServiceImpl - Processing rewards for customer ID: 1
2026-02-16 10:36:35.454 [main] DEBUG c.r.service.RewardServiceImpl - Building reward response for customer ID: 1
2026-02-16 10:36:35.454 [main] DEBUG c.r.service.RewardServiceImpl - Successfully built reward response for customer 1: 101 total points
2026-02-16 10:36:35.454 [main] INFO  c.r.service.RewardServiceImpl - Successfully calculated rewards for 1 customers
2026-02-16 10:36:35.461 [main] DEBUG c.r.service.RewardServiceImpl - Starting findAllRewards operation
2026-02-16 10:36:35.461 [main] DEBUG c.r.service.RewardServiceImpl - Filtering transactions from date: 2025-12-01
2026-02-16 10:36:35.461 [main] INFO  c.r.service.RewardServiceImpl - Retrieved 1 total transactions from database
2026-02-16 10:36:35.461 [main] DEBUG c.r.service.RewardServiceImpl - Processing rewards for customer ID: 1
2026-02-16 10:36:35.461 [main] DEBUG c.r.service.RewardServiceImpl - Building reward response for customer ID: 1
2026-02-16 10:36:35.463 [main] DEBUG c.r.service.RewardServiceImpl - Successfully built reward response for customer 1: 25 total points
2026-02-16 10:36:35.463 [main] INFO  c.r.service.RewardServiceImpl - Successfully calculated rewards for 1 customers
2026-02-16 10:36:35.467 [main] DEBUG c.r.service.RewardServiceImpl - Starting findAllRewards operation
2026-02-16 10:36:35.467 [main] DEBUG c.r.service.RewardServiceImpl - Filtering transactions from date: 2025-12-01
2026-02-16 10:36:35.467 [main] INFO  c.r.service.RewardServiceImpl - Retrieved 1 total transactions from database
2026-02-16 10:36:35.467 [main] DEBUG c.r.service.RewardServiceImpl - Processing rewards for customer ID: 1
2026-02-16 10:36:35.467 [main] DEBUG c.r.service.RewardServiceImpl - Building reward response for customer ID: 1
2026-02-16 10:36:35.467 [main] DEBUG c.r.service.RewardServiceImpl - Successfully built reward response for customer 1: 90 total points
2026-02-16 10:36:35.467 [main] INFO  c.r.service.RewardServiceImpl - Successfully calculated rewards for 1 customers
2026-02-16 10:36:35.472 [main] DEBUG c.r.service.RewardServiceImpl - Starting findAllRewards operation
2026-02-16 10:36:35.474 [main] DEBUG c.r.service.RewardServiceImpl - Filtering transactions from date: 2025-12-01
2026-02-16 10:36:35.474 [main] INFO  c.r.service.RewardServiceImpl - Retrieved 3 total transactions from database
2026-02-16 10:36:35.474 [main] DEBUG c.r.service.RewardServiceImpl - Processing rewards for customer ID: 1
2026-02-16 10:36:35.474 [main] DEBUG c.r.service.RewardServiceImpl - Building reward response for customer ID: 1
2026-02-16 10:36:35.474 [main] DEBUG c.r.service.RewardServiceImpl - Successfully built reward response for customer 1: 130 total points
2026-02-16 10:36:35.475 [main] INFO  c.r.service.RewardServiceImpl - Successfully calculated rewards for 1 customers
2026-02-16 10:36:35.477 [main] DEBUG c.r.service.RewardServiceImpl - Starting findAllRewards operation
2026-02-16 10:36:35.477 [main] DEBUG c.r.service.RewardServiceImpl - Filtering transactions from date: 2025-12-01
2026-02-16 10:36:35.477 [main] INFO  c.r.service.RewardServiceImpl - Retrieved 1 total transactions from database
2026-02-16 10:36:35.477 [main] DEBUG c.r.service.RewardServiceImpl - Processing rewards for customer ID: 1
2026-02-16 10:36:35.477 [main] DEBUG c.r.service.RewardServiceImpl - Building reward response for customer ID: 1
2026-02-16 10:36:35.477 [main] DEBUG c.r.service.RewardServiceImpl - Successfully built reward response for customer 1: 50 total points
2026-02-16 10:36:35.477 [main] INFO  c.r.service.RewardServiceImpl - Successfully calculated rewards for 1 customers
2026-02-16 10:36:35.483 [main] DEBUG c.r.service.RewardServiceImpl - Starting findAllRewards operation
2026-02-16 10:36:35.483 [main] DEBUG c.r.service.RewardServiceImpl - Filtering transactions from date: 2025-12-01
2026-02-16 10:36:35.483 [main] INFO  c.r.service.RewardServiceImpl - Retrieved 1 total transactions from database
2026-02-16 10:36:35.483 [main] DEBUG c.r.service.RewardServiceImpl - Processing rewards for customer ID: 1
2026-02-16 10:36:35.483 [main] DEBUG c.r.service.RewardServiceImpl - Building reward response for customer ID: 1
2026-02-16 10:36:35.483 [main] DEBUG c.r.service.RewardServiceImpl - Successfully built reward response for customer 1: 52 total points
2026-02-16 10:36:35.483 [main] INFO  c.r.service.RewardServiceImpl - Successfully calculated rewards for 1 customers
2026-02-16 10:36:35.489 [main] DEBUG c.r.service.RewardServiceImpl - Starting findAllRewards operation
2026-02-16 10:36:35.489 [main] DEBUG c.r.service.RewardServiceImpl - Filtering transactions from date: 2025-12-01
2026-02-16 10:36:35.489 [main] INFO  c.r.service.RewardServiceImpl - Retrieved 3 total transactions from database
2026-02-16 10:36:35.491 [main] DEBUG c.r.service.RewardServiceImpl - Processing rewards for customer ID: 1
2026-02-16 10:36:35.491 [main] DEBUG c.r.service.RewardServiceImpl - Building reward response for customer ID: 1
2026-02-16 10:36:35.491 [main] DEBUG c.r.service.RewardServiceImpl - Successfully built reward response for customer 1: 90 total points
2026-02-16 10:36:35.491 [main] DEBUG c.r.service.RewardServiceImpl - Processing rewards for customer ID: 2
2026-02-16 10:36:35.491 [main] DEBUG c.r.service.RewardServiceImpl - Building reward response for customer ID: 2
2026-02-16 10:36:35.491 [main] DEBUG c.r.service.RewardServiceImpl - Successfully built reward response for customer 2: 25 total points
2026-02-16 10:36:35.491 [main] DEBUG c.r.service.RewardServiceImpl - Processing rewards for customer ID: 3
2026-02-16 10:36:35.491 [main] DEBUG c.r.service.RewardServiceImpl - Building reward response for customer ID: 3
2026-02-16 10:36:35.491 [main] DEBUG c.r.service.RewardServiceImpl - Successfully built reward response for customer 3: 250 total points
2026-02-16 10:36:35.491 [main] INFO  c.r.service.RewardServiceImpl - Successfully calculated rewards for 3 customers
2026-02-16 10:36:35.499 [main] DEBUG c.r.service.RewardServiceImpl - Starting findAllRewards operation
2026-02-16 10:36:35.499 [main] DEBUG c.r.service.RewardServiceImpl - Filtering transactions from date: 2025-12-01
2026-02-16 10:36:35.499 [main] INFO  c.r.service.RewardServiceImpl - Retrieved 1 total transactions from database
2026-02-16 10:36:35.499 [main] DEBUG c.r.service.RewardServiceImpl - Processing rewards for customer ID: 1
2026-02-16 10:36:35.499 [main] DEBUG c.r.service.RewardServiceImpl - Building reward response for customer ID: 1
2026-02-16 10:36:35.501 [main] DEBUG c.r.service.RewardServiceImpl - Successfully built reward response for customer 1: 1 total points
2026-02-16 10:36:35.501 [main] INFO  c.r.service.RewardServiceImpl - Successfully calculated rewards for 1 customers
2026-02-16 10:36:35.505 [main] DEBUG c.r.service.RewardServiceImpl - Starting findAllRewards operation
2026-02-16 10:36:35.505 [main] DEBUG c.r.service.RewardServiceImpl - Filtering transactions from date: 2025-12-01
2026-02-16 10:36:35.505 [main] INFO  c.r.service.RewardServiceImpl - Retrieved 2 total transactions from database
2026-02-16 10:36:35.505 [main] DEBUG c.r.service.RewardServiceImpl - Processing rewards for customer ID: 1
2026-02-16 10:36:35.505 [main] DEBUG c.r.service.RewardServiceImpl - Building reward response for customer ID: 1
2026-02-16 10:36:35.505 [main] DEBUG c.r.service.RewardServiceImpl - Successfully built reward response for customer 1: 115 total points
2026-02-16 10:36:35.505 [main] INFO  c.r.service.RewardServiceImpl - Successfully calculated rewards for 1 customers
2026-02-16 10:36:35.512 [main] DEBUG c.r.service.RewardServiceImpl - Starting findAllRewards operation
2026-02-16 10:36:35.512 [main] DEBUG c.r.service.RewardServiceImpl - Filtering transactions from date: 2025-12-01
2026-02-16 10:36:35.513 [main] INFO  c.r.service.RewardServiceImpl - Retrieved 1 total transactions from database
2026-02-16 10:36:35.513 [main] DEBUG c.r.service.RewardServiceImpl - Processing rewards for customer ID: 1
2026-02-16 10:36:35.513 [main] DEBUG c.r.service.RewardServiceImpl - Building reward response for customer ID: 1
2026-02-16 10:36:35.513 [main] DEBUG c.r.service.RewardServiceImpl - Successfully built reward response for customer 1: 9850 total points
2026-02-16 10:36:35.513 [main] INFO  c.r.service.RewardServiceImpl - Successfully calculated rewards for 1 customers
2026-02-16 10:36:35.544 [SpringApplicationShutdownHook] INFO  o.s.o.j.LocalContainerEntityManagerFactoryBean - Closing JPA EntityManagerFactory for persistence unit 'default'
2026-02-16 10:36:35.556 [SpringApplicationShutdownHook] INFO  o.s.o.j.LocalContainerEntityManagerFactoryBean - Closing JPA EntityManagerFactory for persistence unit 'default'
2026-02-16 10:36:35.557 [SpringApplicationShutdownHook] INFO  com.zaxxer.hikari.HikariDataSource - HikariPool-1 - Shutdown initiated...
2026-02-16 10:36:35.574 [SpringApplicationShutdownHook] INFO  com.zaxxer.hikari.HikariDataSource - HikariPool-1 - Shutdown completed.
2026-02-16 10:38:22.707 [main] INFO  c.r.controller.RewardsControllerTest - Starting RewardsControllerTest using Java 17.0.11 with PID 18916 (started by Mahesh in C:\Users\Mahesh\Downloads\rewardSystem\rewardSystem)
2026-02-16 10:38:22.709 [main] DEBUG c.r.controller.RewardsControllerTest - Running with Spring Boot v3.2.2, Spring v6.1.3
2026-02-16 10:38:22.710 [main] INFO  c.r.controller.RewardsControllerTest - No active profile set, falling back to 1 default profile: "default"
2026-02-16 10:38:26.159 [main] INFO  o.s.b.t.m.w.SpringBootMockServletContext - Initializing Spring TestDispatcherServlet ''
2026-02-16 10:38:26.159 [main] INFO  o.s.t.w.s.TestDispatcherServlet - Initializing Servlet ''
2026-02-16 10:38:26.163 [main] INFO  o.s.t.w.s.TestDispatcherServlet - Completed initialization in 2 ms
2026-02-16 10:38:26.206 [main] INFO  c.r.controller.RewardsControllerTest - Started RewardsControllerTest in 4.162 seconds (process running for 5.668)
2026-02-16 10:38:26.388 [main] INFO  c.r.controller.RewardsController - Fetching all rewards for customers
2026-02-16 10:38:26.391 [main] INFO  c.r.controller.RewardsController - Successfully retrieved rewards. Total records: 1
2026-02-16 10:38:26.562 [main] INFO  c.r.controller.RewardsController - Fetching all rewards for customers
2026-02-16 10:38:26.562 [main] INFO  c.r.controller.RewardsController - Successfully retrieved rewards. Total records: 1
2026-02-16 10:38:26.653 [main] INFO  c.r.controller.RewardsController - Fetching all rewards for customers
2026-02-16 10:38:26.653 [main] INFO  c.r.controller.RewardsController - Successfully retrieved rewards. Total records: 1
2026-02-16 10:38:26.672 [main] INFO  c.r.controller.RewardsController - Fetching all rewards for customers
2026-02-16 10:38:26.674 [main] INFO  c.r.controller.RewardsController - Successfully retrieved rewards. Total records: 2
2026-02-16 10:38:26.688 [main] INFO  c.r.controller.RewardsController - Fetching all rewards for customers
2026-02-16 10:38:26.690 [main] INFO  c.r.controller.RewardsController - Successfully retrieved rewards. Total records: 2
2026-02-16 10:38:26.700 [main] INFO  c.r.controller.RewardsController - Fetching all rewards for customers
2026-02-16 10:38:26.700 [main] INFO  c.r.controller.RewardsController - Successfully retrieved rewards. Total records: 1
2026-02-16 10:38:26.715 [main] INFO  c.r.controller.RewardsController - Fetching all rewards for customers
2026-02-16 10:38:26.716 [main] INFO  c.r.controller.RewardsController - Successfully retrieved rewards. Total records: 1
2026-02-16 10:38:26.732 [main] INFO  c.r.controller.RewardsController - Fetching all rewards for customers
2026-02-16 10:38:26.733 [main] INFO  c.r.controller.RewardsController - Successfully retrieved rewards. Total records: 0
2026-02-16 10:38:26.757 [main] WARN  o.s.web.servlet.PageNotFound - Request method 'PUT' is not supported
2026-02-16 10:38:26.800 [main] INFO  c.r.controller.RewardsController - Fetching all rewards for customers
2026-02-16 10:38:26.801 [main] INFO  c.r.controller.RewardsController - Successfully retrieved rewards. Total records: 2
2026-02-16 10:38:26.816 [main] INFO  c.r.controller.RewardsController - Fetching all rewards for customers
2026-02-16 10:38:26.817 [main] INFO  c.r.controller.RewardsController - Successfully retrieved rewards. Total records: 100
2026-02-16 10:38:26.836 [main] INFO  c.r.controller.RewardsController - Fetching all rewards for customers
2026-02-16 10:38:26.836 [main] INFO  c.r.controller.RewardsController - Successfully retrieved rewards. Total records: 2
2026-02-16 10:38:26.848 [main] WARN  o.s.web.servlet.PageNotFound - Request method 'POST' is not supported
2026-02-16 10:38:26.860 [main] WARN  o.s.web.servlet.PageNotFound - Request method 'DELETE' is not supported
2026-02-16 10:38:26.870 [main] INFO  c.r.controller.RewardsController - Fetching all rewards for customers
2026-02-16 10:38:26.870 [main] INFO  c.r.controller.RewardsController - Successfully retrieved rewards. Total records: 2
2026-02-16 10:38:26.881 [main] INFO  c.r.controller.RewardsController - Fetching all rewards for customers
2026-02-16 10:38:26.882 [main] INFO  c.r.controller.RewardsController - Successfully retrieved rewards. Total records: 0
2026-02-16 10:38:26.891 [main] INFO  c.r.controller.RewardsController - Fetching all rewards for customers
2026-02-16 10:38:26.891 [main] INFO  c.r.controller.RewardsController - Successfully retrieved rewards. Total records: 2
2026-02-16 10:38:26.903 [main] INFO  c.r.controller.RewardsController - Fetching all rewards for customers
2026-02-16 10:38:26.904 [main] INFO  c.r.controller.RewardsController - Successfully retrieved rewards. Total records: 1
2026-02-16 10:38:26.918 [main] INFO  c.r.controller.RewardsController - Fetching all rewards for customers
2026-02-16 10:38:26.919 [main] INFO  c.r.controller.RewardsController - Successfully retrieved rewards. Total records: 1
2026-02-16 10:38:27.171 [main] ERROR c.r.exception.GlobalExceptionHandler - Data processing error: Processing failed
com.rewardSystem.exception.DataProcessingException: Processing failed
	at com.rewardSystem.exception.GlobalExceptionHandlerTest.testHandleExceptionWithCause(GlobalExceptionHandlerTest.java:169)
	at java.base/jdk.internal.reflect.NativeMethodAccessorImpl.invoke0(Native Method)
	at java.base/jdk.internal.reflect.NativeMethodAccessorImpl.invoke(NativeMethodAccessorImpl.java:77)
	at java.base/jdk.internal.reflect.DelegatingMethodAccessorImpl.invoke(DelegatingMethodAccessorImpl.java:43)
	at java.base/java.lang.reflect.Method.invoke(Method.java:568)
	at org.junit.platform.commons.util.ReflectionUtils.invokeMethod(ReflectionUtils.java:728)
	at org.junit.jupiter.engine.execution.MethodInvocation.proceed(MethodInvocation.java:60)
	at org.junit.jupiter.engine.execution.InvocationInterceptorChain$ValidatingInvocation.proceed(InvocationInterceptorChain.java:131)
	at org.junit.jupiter.engine.extension.TimeoutExtension.intercept(TimeoutExtension.java:156)
	at org.junit.jupiter.engine.extension.TimeoutExtension.interceptTestableMethod(TimeoutExtension.java:147)
	at org.junit.jupiter.engine.extension.TimeoutExtension.interceptTestMethod(TimeoutExtension.java:86)
	at org.junit.jupiter.engine.execution.InterceptingExecutableInvoker$ReflectiveInterceptorCall.lambda$ofVoidMethod$0(InterceptingExecutableInvoker.java:103)
	at org.junit.jupiter.engine.execution.InterceptingExecutableInvoker.lambda$invoke$0(InterceptingExecutableInvoker.java:93)
	at org.junit.jupiter.engine.execution.InvocationInterceptorChain$InterceptedInvocation.proceed(InvocationInterceptorChain.java:106)
	at org.junit.jupiter.engine.execution.InvocationInterceptorChain.proceed(InvocationInterceptorChain.java:64)
	at org.junit.jupiter.engine.execution.InvocationInterceptorChain.chainAndInvoke(InvocationInterceptorChain.java:45)
	at org.junit.jupiter.engine.execution.InvocationInterceptorChain.invoke(InvocationInterceptorChain.java:37)
	at org.junit.jupiter.engine.execution.InterceptingExecutableInvoker.invoke(InterceptingExecutableInvoker.java:92)
	at org.junit.jupiter.engine.execution.InterceptingExecutableInvoker.invoke(InterceptingExecutableInvoker.java:86)
	at org.junit.jupiter.engine.descriptor.TestMethodTestDescriptor.lambda$invokeTestMethod$7(TestMethodTestDescriptor.java:218)
	at org.junit.platform.engine.support.hierarchical.ThrowableCollector.execute(ThrowableCollector.java:73)
	at org.junit.jupiter.engine.descriptor.TestMethodTestDescriptor.invokeTestMethod(TestMethodTestDescriptor.java:214)
	at org.junit.jupiter.engine.descriptor.TestMethodTestDescriptor.execute(TestMethodTestDescriptor.java:139)
	at org.junit.jupiter.engine.descriptor.TestMethodTestDescriptor.execute(TestMethodTestDescriptor.java:69)
	at org.junit.platform.engine.support.hierarchical.NodeTestTask.lambda$executeRecursively$6(NodeTestTask.java:151)
	at org.junit.platform.engine.support.hierarchical.ThrowableCollector.execute(ThrowableCollector.java:73)
	at org.junit.platform.engine.support.hierarchical.NodeTestTask.lambda$executeRecursively$8(NodeTestTask.java:141)
	at org.junit.platform.engine.support.hierarchical.Node.around(Node.java:137)
	at org.junit.platform.engine.support.hierarchical.NodeTestTask.lambda$executeRecursively$9(NodeTestTask.java:139)
	at org.junit.platform.engine.support.hierarchical.ThrowableCollector.execute(ThrowableCollector.java:73)
	at org.junit.platform.engine.support.hierarchical.NodeTestTask.executeRecursively(NodeTestTask.java:138)
	at org.junit.platform.engine.support.hierarchical.NodeTestTask.execute(NodeTestTask.java:95)
	at java.base/java.util.ArrayList.forEach(ArrayList.java:1511)
	at org.junit.platform.engine.support.hierarchical.SameThreadHierarchicalTestExecutorService.invokeAll(SameThreadHierarchicalTestExecutorService.java:41)
	at org.junit.platform.engine.support.hierarchical.NodeTestTask.lambda$executeRecursively$6(NodeTestTask.java:155)
	at org.junit.platform.engine.support.hierarchical.ThrowableCollector.execute(ThrowableCollector.java:73)
	at org.junit.platform.engine.support.hierarchical.NodeTestTask.lambda$executeRecursively$8(NodeTestTask.java:141)
	at org.junit.platform.engine.support.hierarchical.Node.around(Node.java:137)
	at org.junit.platform.engine.support.hierarchical.NodeTestTask.lambda$executeRecursively$9(NodeTestTask.java:139)
	at org.junit.platform.engine.support.hierarchical.ThrowableCollector.execute(ThrowableCollector.java:73)
	at org.junit.platform.engine.support.hierarchical.NodeTestTask.executeRecursively(NodeTestTask.java:138)
	at org.junit.platform.engine.support.hierarchical.NodeTestTask.execute(NodeTestTask.java:95)
	at java.base/java.util.ArrayList.forEach(ArrayList.java:1511)
	at org.junit.platform.engine.support.hierarchical.SameThreadHierarchicalTestExecutorService.invokeAll(SameThreadHierarchicalTestExecutorService.java:41)
	at org.junit.platform.engine.support.hierarchical.NodeTestTask.lambda$executeRecursively$6(NodeTestTask.java:155)
	at org.junit.platform.engine.support.hierarchical.ThrowableCollector.execute(ThrowableCollector.java:73)
	at org.junit.platform.engine.support.hierarchical.NodeTestTask.lambda$executeRecursively$8(NodeTestTask.java:141)
	at org.junit.platform.engine.support.hierarchical.Node.around(Node.java:137)
	at org.junit.platform.engine.support.hierarchical.NodeTestTask.lambda$executeRecursively$9(NodeTestTask.java:139)
	at org.junit.platform.engine.support.hierarchical.ThrowableCollector.execute(ThrowableCollector.java:73)
	at org.junit.platform.engine.support.hierarchical.NodeTestTask.executeRecursively(NodeTestTask.java:138)
	at org.junit.platform.engine.support.hierarchical.NodeTestTask.execute(NodeTestTask.java:95)
	at org.junit.platform.engine.support.hierarchical.SameThreadHierarchicalTestExecutorService.submit(SameThreadHierarchicalTestExecutorService.java:35)
	at org.junit.platform.engine.support.hierarchical.HierarchicalTestExecutor.execute(HierarchicalTestExecutor.java:57)
	at org.junit.platform.engine.support.hierarchical.HierarchicalTestEngine.execute(HierarchicalTestEngine.java:54)
	at org.junit.platform.launcher.core.EngineExecutionOrchestrator.execute(EngineExecutionOrchestrator.java:198)
	at org.junit.platform.launcher.core.EngineExecutionOrchestrator.execute(EngineExecutionOrchestrator.java:169)
	at org.junit.platform.launcher.core.EngineExecutionOrchestrator.execute(EngineExecutionOrchestrator.java:93)
	at org.junit.platform.launcher.core.EngineExecutionOrchestrator.lambda$execute$0(EngineExecutionOrchestrator.java:58)
	at org.junit.platform.launcher.core.EngineExecutionOrchestrator.withInterceptedStreams(EngineExecutionOrchestrator.java:141)
	at org.junit.platform.launcher.core.EngineExecutionOrchestrator.execute(EngineExecutionOrchestrator.java:57)
	at org.junit.platform.launcher.core.DefaultLauncher.execute(DefaultLauncher.java:103)
	at org.junit.platform.launcher.core.DefaultLauncher.execute(DefaultLauncher.java:85)
	at org.junit.platform.launcher.core.DelegatingLauncher.execute(DelegatingLauncher.java:47)
	at org.apache.maven.surefire.junitplatform.LazyLauncher.execute(LazyLauncher.java:56)
	at org.apache.maven.surefire.junitplatform.JUnitPlatformProvider.execute(JUnitPlatformProvider.java:184)
	at org.apache.maven.surefire.junitplatform.JUnitPlatformProvider.invokeAllTests(JUnitPlatformProvider.java:148)
	at org.apache.maven.surefire.junitplatform.JUnitPlatformProvider.invoke(JUnitPlatformProvider.java:122)
	at org.apache.maven.surefire.booter.ForkedBooter.runSuitesInProcess(ForkedBooter.java:385)
	at org.apache.maven.surefire.booter.ForkedBooter.execute(ForkedBooter.java:162)
	at org.apache.maven.surefire.booter.ForkedBooter.run(ForkedBooter.java:507)
	at org.apache.maven.surefire.booter.ForkedBooter.main(ForkedBooter.java:495)
Caused by: java.lang.IllegalStateException: Illegal state
	at com.rewardSystem.exception.GlobalExceptionHandlerTest.testHandleExceptionWithCause(GlobalExceptionHandlerTest.java:168)
	... 71 common frames omitted
2026-02-16 10:38:27.186 [main] ERROR c.r.exception.GlobalExceptionHandler - Invalid argument: Invalid argument provided
java.lang.IllegalArgumentException: Invalid argument provided
	at com.rewardSystem.exception.GlobalExceptionHandlerTest.testHandleIllegalArgumentException(GlobalExceptionHandlerTest.java:95)
	at java.base/jdk.internal.reflect.NativeMethodAccessorImpl.invoke0(Native Method)
	at java.base/jdk.internal.reflect.NativeMethodAccessorImpl.invoke(NativeMethodAccessorImpl.java:77)
	at java.base/jdk.internal.reflect.DelegatingMethodAccessorImpl.invoke(DelegatingMethodAccessorImpl.java:43)
	at java.base/java.lang.reflect.Method.invoke(Method.java:568)
	at org.junit.platform.commons.util.ReflectionUtils.invokeMethod(ReflectionUtils.java:728)
	at org.junit.jupiter.engine.execution.MethodInvocation.proceed(MethodInvocation.java:60)
	at org.junit.jupiter.engine.execution.InvocationInterceptorChain$ValidatingInvocation.proceed(InvocationInterceptorChain.java:131)
	at org.junit.jupiter.engine.extension.TimeoutExtension.intercept(TimeoutExtension.java:156)
	at org.junit.jupiter.engine.extension.TimeoutExtension.interceptTestableMethod(TimeoutExtension.java:147)
	at org.junit.jupiter.engine.extension.TimeoutExtension.interceptTestMethod(TimeoutExtension.java:86)
	at org.junit.jupiter.engine.execution.InterceptingExecutableInvoker$ReflectiveInterceptorCall.lambda$ofVoidMethod$0(InterceptingExecutableInvoker.java:103)
	at org.junit.jupiter.engine.execution.InterceptingExecutableInvoker.lambda$invoke$0(InterceptingExecutableInvoker.java:93)
	at org.junit.jupiter.engine.execution.InvocationInterceptorChain$InterceptedInvocation.proceed(InvocationInterceptorChain.java:106)
	at org.junit.jupiter.engine.execution.InvocationInterceptorChain.proceed(InvocationInterceptorChain.java:64)
	at org.junit.jupiter.engine.execution.InvocationInterceptorChain.chainAndInvoke(InvocationInterceptorChain.java:45)
	at org.junit.jupiter.engine.execution.InvocationInterceptorChain.invoke(InvocationInterceptorChain.java:37)
	at org.junit.jupiter.engine.execution.InterceptingExecutableInvoker.invoke(InterceptingExecutableInvoker.java:92)
	at org.junit.jupiter.engine.execution.InterceptingExecutableInvoker.invoke(InterceptingExecutableInvoker.java:86)
	at org.junit.jupiter.engine.descriptor.TestMethodTestDescriptor.lambda$invokeTestMethod$7(TestMethodTestDescriptor.java:218)
	at org.junit.platform.engine.support.hierarchical.ThrowableCollector.execute(ThrowableCollector.java:73)
	at org.junit.jupiter.engine.descriptor.TestMethodTestDescriptor.invokeTestMethod(TestMethodTestDescriptor.java:214)
	at org.junit.jupiter.engine.descriptor.TestMethodTestDescriptor.execute(TestMethodTestDescriptor.java:139)
	at org.junit.jupiter.engine.descriptor.TestMethodTestDescriptor.execute(TestMethodTestDescriptor.java:69)
	at org.junit.platform.engine.support.hierarchical.NodeTestTask.lambda$executeRecursively$6(NodeTestTask.java:151)
	at org.junit.platform.engine.support.hierarchical.ThrowableCollector.execute(ThrowableCollector.java:73)
	at org.junit.platform.engine.support.hierarchical.NodeTestTask.lambda$executeRecursively$8(NodeTestTask.java:141)
	at org.junit.platform.engine.support.hierarchical.Node.around(Node.java:137)
	at org.junit.platform.engine.support.hierarchical.NodeTestTask.lambda$executeRecursively$9(NodeTestTask.java:139)
	at org.junit.platform.engine.support.hierarchical.ThrowableCollector.execute(ThrowableCollector.java:73)
	at org.junit.platform.engine.support.hierarchical.NodeTestTask.executeRecursively(NodeTestTask.java:138)
	at org.junit.platform.engine.support.hierarchical.NodeTestTask.execute(NodeTestTask.java:95)
	at java.base/java.util.ArrayList.forEach(ArrayList.java:1511)
	at org.junit.platform.engine.support.hierarchical.SameThreadHierarchicalTestExecutorService.invokeAll(SameThreadHierarchicalTestExecutorService.java:41)
	at org.junit.platform.engine.support.hierarchical.NodeTestTask.lambda$executeRecursively$6(NodeTestTask.java:155)
	at org.junit.platform.engine.support.hierarchical.ThrowableCollector.execute(ThrowableCollector.java:73)
	at org.junit.platform.engine.support.hierarchical.NodeTestTask.lambda$executeRecursively$8(NodeTestTask.java:141)
	at org.junit.platform.engine.support.hierarchical.Node.around(Node.java:137)
	at org.junit.platform.engine.support.hierarchical.NodeTestTask.lambda$executeRecursively$9(NodeTestTask.java:139)
	at org.junit.platform.engine.support.hierarchical.ThrowableCollector.execute(ThrowableCollector.java:73)
	at org.junit.platform.engine.support.hierarchical.NodeTestTask.executeRecursively(NodeTestTask.java:138)
	at org.junit.platform.engine.support.hierarchical.NodeTestTask.execute(NodeTestTask.java:95)
	at java.base/java.util.ArrayList.forEach(ArrayList.java:1511)
	at org.junit.platform.engine.support.hierarchical.SameThreadHierarchicalTestExecutorService.invokeAll(SameThreadHierarchicalTestExecutorService.java:41)
	at org.junit.platform.engine.support.hierarchical.NodeTestTask.lambda$executeRecursively$6(NodeTestTask.java:155)
	at org.junit.platform.engine.support.hierarchical.ThrowableCollector.execute(ThrowableCollector.java:73)
	at org.junit.platform.engine.support.hierarchical.NodeTestTask.lambda$executeRecursively$8(NodeTestTask.java:141)
	at org.junit.platform.engine.support.hierarchical.Node.around(Node.java:137)
	at org.junit.platform.engine.support.hierarchical.NodeTestTask.lambda$executeRecursively$9(NodeTestTask.java:139)
	at org.junit.platform.engine.support.hierarchical.ThrowableCollector.execute(ThrowableCollector.java:73)
	at org.junit.platform.engine.support.hierarchical.NodeTestTask.executeRecursively(NodeTestTask.java:138)
	at org.junit.platform.engine.support.hierarchical.NodeTestTask.execute(NodeTestTask.java:95)
	at org.junit.platform.engine.support.hierarchical.SameThreadHierarchicalTestExecutorService.submit(SameThreadHierarchicalTestExecutorService.java:35)
	at org.junit.platform.engine.support.hierarchical.HierarchicalTestExecutor.execute(HierarchicalTestExecutor.java:57)
	at org.junit.platform.engine.support.hierarchical.HierarchicalTestEngine.execute(HierarchicalTestEngine.java:54)
	at org.junit.platform.launcher.core.EngineExecutionOrchestrator.execute(EngineExecutionOrchestrator.java:198)
	at org.junit.platform.launcher.core.EngineExecutionOrchestrator.execute(EngineExecutionOrchestrator.java:169)
	at org.junit.platform.launcher.core.EngineExecutionOrchestrator.execute(EngineExecutionOrchestrator.java:93)
	at org.junit.platform.launcher.core.EngineExecutionOrchestrator.lambda$execute$0(EngineExecutionOrchestrator.java:58)
	at org.junit.platform.launcher.core.EngineExecutionOrchestrator.withInterceptedStreams(EngineExecutionOrchestrator.java:141)
	at org.junit.platform.launcher.core.EngineExecutionOrchestrator.execute(EngineExecutionOrchestrator.java:57)
	at org.junit.platform.launcher.core.DefaultLauncher.execute(DefaultLauncher.java:103)
	at org.junit.platform.launcher.core.DefaultLauncher.execute(DefaultLauncher.java:85)
	at org.junit.platform.launcher.core.DelegatingLauncher.execute(DelegatingLauncher.java:47)
	at org.apache.maven.surefire.junitplatform.LazyLauncher.execute(LazyLauncher.java:56)
	at org.apache.maven.surefire.junitplatform.JUnitPlatformProvider.execute(JUnitPlatformProvider.java:184)
	at org.apache.maven.surefire.junitplatform.JUnitPlatformProvider.invokeAllTests(JUnitPlatformProvider.java:148)
	at org.apache.maven.surefire.junitplatform.JUnitPlatformProvider.invoke(JUnitPlatformProvider.java:122)
	at org.apache.maven.surefire.booter.ForkedBooter.runSuitesInProcess(ForkedBooter.java:385)
	at org.apache.maven.surefire.booter.ForkedBooter.execute(ForkedBooter.java:162)
	at org.apache.maven.surefire.booter.ForkedBooter.run(ForkedBooter.java:507)
	at org.apache.maven.surefire.booter.ForkedBooter.main(ForkedBooter.java:495)
2026-02-16 10:38:27.192 [main] ERROR c.r.exception.GlobalExceptionHandler - An unexpected error occurred: Some unexpected error
java.lang.Exception: Some unexpected error
	at com.rewardSystem.exception.GlobalExceptionHandlerTest.testHandleGenericException(GlobalExceptionHandlerTest.java:134)
	at java.base/jdk.internal.reflect.NativeMethodAccessorImpl.invoke0(Native Method)
	at java.base/jdk.internal.reflect.NativeMethodAccessorImpl.invoke(NativeMethodAccessorImpl.java:77)
	at java.base/jdk.internal.reflect.DelegatingMethodAccessorImpl.invoke(DelegatingMethodAccessorImpl.java:43)
	at java.base/java.lang.reflect.Method.invoke(Method.java:568)
	at org.junit.platform.commons.util.ReflectionUtils.invokeMethod(ReflectionUtils.java:728)
	at org.junit.jupiter.engine.execution.MethodInvocation.proceed(MethodInvocation.java:60)
	at org.junit.jupiter.engine.execution.InvocationInterceptorChain$ValidatingInvocation.proceed(InvocationInterceptorChain.java:131)
	at org.junit.jupiter.engine.extension.TimeoutExtension.intercept(TimeoutExtension.java:156)
	at org.junit.jupiter.engine.extension.TimeoutExtension.interceptTestableMethod(TimeoutExtension.java:147)
	at org.junit.jupiter.engine.extension.TimeoutExtension.interceptTestMethod(TimeoutExtension.java:86)
	at org.junit.jupiter.engine.execution.InterceptingExecutableInvoker$ReflectiveInterceptorCall.lambda$ofVoidMethod$0(InterceptingExecutableInvoker.java:103)
	at org.junit.jupiter.engine.execution.InterceptingExecutableInvoker.lambda$invoke$0(InterceptingExecutableInvoker.java:93)
	at org.junit.jupiter.engine.execution.InvocationInterceptorChain$InterceptedInvocation.proceed(InvocationInterceptorChain.java:106)
	at org.junit.jupiter.engine.execution.InvocationInterceptorChain.proceed(InvocationInterceptorChain.java:64)
	at org.junit.jupiter.engine.execution.InvocationInterceptorChain.chainAndInvoke(InvocationInterceptorChain.java:45)
	at org.junit.jupiter.engine.execution.InvocationInterceptorChain.invoke(InvocationInterceptorChain.java:37)
	at org.junit.jupiter.engine.execution.InterceptingExecutableInvoker.invoke(InterceptingExecutableInvoker.java:92)
	at org.junit.jupiter.engine.execution.InterceptingExecutableInvoker.invoke(InterceptingExecutableInvoker.java:86)
	at org.junit.jupiter.engine.descriptor.TestMethodTestDescriptor.lambda$invokeTestMethod$7(TestMethodTestDescriptor.java:218)
	at org.junit.platform.engine.support.hierarchical.ThrowableCollector.execute(ThrowableCollector.java:73)
	at org.junit.jupiter.engine.descriptor.TestMethodTestDescriptor.invokeTestMethod(TestMethodTestDescriptor.java:214)
	at org.junit.jupiter.engine.descriptor.TestMethodTestDescriptor.execute(TestMethodTestDescriptor.java:139)
	at org.junit.jupiter.engine.descriptor.TestMethodTestDescriptor.execute(TestMethodTestDescriptor.java:69)
	at org.junit.platform.engine.support.hierarchical.NodeTestTask.lambda$executeRecursively$6(NodeTestTask.java:151)
	at org.junit.platform.engine.support.hierarchical.ThrowableCollector.execute(ThrowableCollector.java:73)
	at org.junit.platform.engine.support.hierarchical.NodeTestTask.lambda$executeRecursively$8(NodeTestTask.java:141)
	at org.junit.platform.engine.support.hierarchical.Node.around(Node.java:137)
	at org.junit.platform.engine.support.hierarchical.NodeTestTask.lambda$executeRecursively$9(NodeTestTask.java:139)
	at org.junit.platform.engine.support.hierarchical.ThrowableCollector.execute(ThrowableCollector.java:73)
	at org.junit.platform.engine.support.hierarchical.NodeTestTask.executeRecursively(NodeTestTask.java:138)
	at org.junit.platform.engine.support.hierarchical.NodeTestTask.execute(NodeTestTask.java:95)
	at java.base/java.util.ArrayList.forEach(ArrayList.java:1511)
	at org.junit.platform.engine.support.hierarchical.SameThreadHierarchicalTestExecutorService.invokeAll(SameThreadHierarchicalTestExecutorService.java:41)
	at org.junit.platform.engine.support.hierarchical.NodeTestTask.lambda$executeRecursively$6(NodeTestTask.java:155)
	at org.junit.platform.engine.support.hierarchical.ThrowableCollector.execute(ThrowableCollector.java:73)
	at org.junit.platform.engine.support.hierarchical.NodeTestTask.lambda$executeRecursively$8(NodeTestTask.java:141)
	at org.junit.platform.engine.support.hierarchical.Node.around(Node.java:137)
	at org.junit.platform.engine.support.hierarchical.NodeTestTask.lambda$executeRecursively$9(NodeTestTask.java:139)
	at org.junit.platform.engine.support.hierarchical.ThrowableCollector.execute(ThrowableCollector.java:73)
	at org.junit.platform.engine.support.hierarchical.NodeTestTask.executeRecursively(NodeTestTask.java:138)
	at org.junit.platform.engine.support.hierarchical.NodeTestTask.execute(NodeTestTask.java:95)
	at java.base/java.util.ArrayList.forEach(ArrayList.java:1511)
	at org.junit.platform.engine.support.hierarchical.SameThreadHierarchicalTestExecutorService.invokeAll(SameThreadHierarchicalTestExecutorService.java:41)
	at org.junit.platform.engine.support.hierarchical.NodeTestTask.lambda$executeRecursively$6(NodeTestTask.java:155)
	at org.junit.platform.engine.support.hierarchical.ThrowableCollector.execute(ThrowableCollector.java:73)
	at org.junit.platform.engine.support.hierarchical.NodeTestTask.lambda$executeRecursively$8(NodeTestTask.java:141)
	at org.junit.platform.engine.support.hierarchical.Node.around(Node.java:137)
	at org.junit.platform.engine.support.hierarchical.NodeTestTask.lambda$executeRecursively$9(NodeTestTask.java:139)
	at org.junit.platform.engine.support.hierarchical.ThrowableCollector.execute(ThrowableCollector.java:73)
	at org.junit.platform.engine.support.hierarchical.NodeTestTask.executeRecursively(NodeTestTask.java:138)
	at org.junit.platform.engine.support.hierarchical.NodeTestTask.execute(NodeTestTask.java:95)
	at org.junit.platform.engine.support.hierarchical.SameThreadHierarchicalTestExecutorService.submit(SameThreadHierarchicalTestExecutorService.java:35)
	at org.junit.platform.engine.support.hierarchical.HierarchicalTestExecutor.execute(HierarchicalTestExecutor.java:57)
	at org.junit.platform.engine.support.hierarchical.HierarchicalTestEngine.execute(HierarchicalTestEngine.java:54)
	at org.junit.platform.launcher.core.EngineExecutionOrchestrator.execute(EngineExecutionOrchestrator.java:198)
	at org.junit.platform.launcher.core.EngineExecutionOrchestrator.execute(EngineExecutionOrchestrator.java:169)
	at org.junit.platform.launcher.core.EngineExecutionOrchestrator.execute(EngineExecutionOrchestrator.java:93)
	at org.junit.platform.launcher.core.EngineExecutionOrchestrator.lambda$execute$0(EngineExecutionOrchestrator.java:58)
	at org.junit.platform.launcher.core.EngineExecutionOrchestrator.withInterceptedStreams(EngineExecutionOrchestrator.java:141)
	at org.junit.platform.launcher.core.EngineExecutionOrchestrator.execute(EngineExecutionOrchestrator.java:57)
	at org.junit.platform.launcher.core.DefaultLauncher.execute(DefaultLauncher.java:103)
	at org.junit.platform.launcher.core.DefaultLauncher.execute(DefaultLauncher.java:85)
	at org.junit.platform.launcher.core.DelegatingLauncher.execute(DelegatingLauncher.java:47)
	at org.apache.maven.surefire.junitplatform.LazyLauncher.execute(LazyLauncher.java:56)
	at org.apache.maven.surefire.junitplatform.JUnitPlatformProvider.execute(JUnitPlatformProvider.java:184)
	at org.apache.maven.surefire.junitplatform.JUnitPlatformProvider.invokeAllTests(JUnitPlatformProvider.java:148)
	at org.apache.maven.surefire.junitplatform.JUnitPlatformProvider.invoke(JUnitPlatformProvider.java:122)
	at org.apache.maven.surefire.booter.ForkedBooter.runSuitesInProcess(ForkedBooter.java:385)
	at org.apache.maven.surefire.booter.ForkedBooter.execute(ForkedBooter.java:162)
	at org.apache.maven.surefire.booter.ForkedBooter.run(ForkedBooter.java:507)
	at org.apache.maven.surefire.booter.ForkedBooter.main(ForkedBooter.java:495)
2026-02-16 10:38:27.200 [main] ERROR c.r.exception.GlobalExceptionHandler - Internal server error: Internal server error occurred
com.rewardSystem.exception.InternalServerException: Internal server error occurred
	at com.rewardSystem.exception.GlobalExceptionHandlerTest.testHandleInternalServerException(GlobalExceptionHandlerTest.java:76)
	at java.base/jdk.internal.reflect.NativeMethodAccessorImpl.invoke0(Native Method)
	at java.base/jdk.internal.reflect.NativeMethodAccessorImpl.invoke(NativeMethodAccessorImpl.java:77)
	at java.base/jdk.internal.reflect.DelegatingMethodAccessorImpl.invoke(DelegatingMethodAccessorImpl.java:43)
	at java.base/java.lang.reflect.Method.invoke(Method.java:568)
	at org.junit.platform.commons.util.ReflectionUtils.invokeMethod(ReflectionUtils.java:728)
	at org.junit.jupiter.engine.execution.MethodInvocation.proceed(MethodInvocation.java:60)
	at org.junit.jupiter.engine.execution.InvocationInterceptorChain$ValidatingInvocation.proceed(InvocationInterceptorChain.java:131)
	at org.junit.jupiter.engine.extension.TimeoutExtension.intercept(TimeoutExtension.java:156)
	at org.junit.jupiter.engine.extension.TimeoutExtension.interceptTestableMethod(TimeoutExtension.java:147)
	at org.junit.jupiter.engine.extension.TimeoutExtension.interceptTestMethod(TimeoutExtension.java:86)
	at org.junit.jupiter.engine.execution.InterceptingExecutableInvoker$ReflectiveInterceptorCall.lambda$ofVoidMethod$0(InterceptingExecutableInvoker.java:103)
	at org.junit.jupiter.engine.execution.InterceptingExecutableInvoker.lambda$invoke$0(InterceptingExecutableInvoker.java:93)
	at org.junit.jupiter.engine.execution.InvocationInterceptorChain$InterceptedInvocation.proceed(InvocationInterceptorChain.java:106)
	at org.junit.jupiter.engine.execution.InvocationInterceptorChain.proceed(InvocationInterceptorChain.java:64)
	at org.junit.jupiter.engine.execution.InvocationInterceptorChain.chainAndInvoke(InvocationInterceptorChain.java:45)
	at org.junit.jupiter.engine.execution.InvocationInterceptorChain.invoke(InvocationInterceptorChain.java:37)
	at org.junit.jupiter.engine.execution.InterceptingExecutableInvoker.invoke(InterceptingExecutableInvoker.java:92)
	at org.junit.jupiter.engine.execution.InterceptingExecutableInvoker.invoke(InterceptingExecutableInvoker.java:86)
	at org.junit.jupiter.engine.descriptor.TestMethodTestDescriptor.lambda$invokeTestMethod$7(TestMethodTestDescriptor.java:218)
	at org.junit.platform.engine.support.hierarchical.ThrowableCollector.execute(ThrowableCollector.java:73)
	at org.junit.jupiter.engine.descriptor.TestMethodTestDescriptor.invokeTestMethod(TestMethodTestDescriptor.java:214)
	at org.junit.jupiter.engine.descriptor.TestMethodTestDescriptor.execute(TestMethodTestDescriptor.java:139)
	at org.junit.jupiter.engine.descriptor.TestMethodTestDescriptor.execute(TestMethodTestDescriptor.java:69)
	at org.junit.platform.engine.support.hierarchical.NodeTestTask.lambda$executeRecursively$6(NodeTestTask.java:151)
	at org.junit.platform.engine.support.hierarchical.ThrowableCollector.execute(ThrowableCollector.java:73)
	at org.junit.platform.engine.support.hierarchical.NodeTestTask.lambda$executeRecursively$8(NodeTestTask.java:141)
	at org.junit.platform.engine.support.hierarchical.Node.around(Node.java:137)
	at org.junit.platform.engine.support.hierarchical.NodeTestTask.lambda$executeRecursively$9(NodeTestTask.java:139)
	at org.junit.platform.engine.support.hierarchical.ThrowableCollector.execute(ThrowableCollector.java:73)
	at org.junit.platform.engine.support.hierarchical.NodeTestTask.executeRecursively(NodeTestTask.java:138)
	at org.junit.platform.engine.support.hierarchical.NodeTestTask.execute(NodeTestTask.java:95)
	at java.base/java.util.ArrayList.forEach(ArrayList.java:1511)
	at org.junit.platform.engine.support.hierarchical.SameThreadHierarchicalTestExecutorService.invokeAll(SameThreadHierarchicalTestExecutorService.java:41)
	at org.junit.platform.engine.support.hierarchical.NodeTestTask.lambda$executeRecursively$6(NodeTestTask.java:155)
	at org.junit.platform.engine.support.hierarchical.ThrowableCollector.execute(ThrowableCollector.java:73)
	at org.junit.platform.engine.support.hierarchical.NodeTestTask.lambda$executeRecursively$8(NodeTestTask.java:141)
	at org.junit.platform.engine.support.hierarchical.Node.around(Node.java:137)
	at org.junit.platform.engine.support.hierarchical.NodeTestTask.lambda$executeRecursively$9(NodeTestTask.java:139)
	at org.junit.platform.engine.support.hierarchical.ThrowableCollector.execute(ThrowableCollector.java:73)
	at org.junit.platform.engine.support.hierarchical.NodeTestTask.executeRecursively(NodeTestTask.java:138)
	at org.junit.platform.engine.support.hierarchical.NodeTestTask.execute(NodeTestTask.java:95)
	at java.base/java.util.ArrayList.forEach(ArrayList.java:1511)
	at org.junit.platform.engine.support.hierarchical.SameThreadHierarchicalTestExecutorService.invokeAll(SameThreadHierarchicalTestExecutorService.java:41)
	at org.junit.platform.engine.support.hierarchical.NodeTestTask.lambda$executeRecursively$6(NodeTestTask.java:155)
	at org.junit.platform.engine.support.hierarchical.ThrowableCollector.execute(ThrowableCollector.java:73)
	at org.junit.platform.engine.support.hierarchical.NodeTestTask.lambda$executeRecursively$8(NodeTestTask.java:141)
	at org.junit.platform.engine.support.hierarchical.Node.around(Node.java:137)
	at org.junit.platform.engine.support.hierarchical.NodeTestTask.lambda$executeRecursively$9(NodeTestTask.java:139)
	at org.junit.platform.engine.support.hierarchical.ThrowableCollector.execute(ThrowableCollector.java:73)
	at org.junit.platform.engine.support.hierarchical.NodeTestTask.executeRecursively(NodeTestTask.java:138)
	at org.junit.platform.engine.support.hierarchical.NodeTestTask.execute(NodeTestTask.java:95)
	at org.junit.platform.engine.support.hierarchical.SameThreadHierarchicalTestExecutorService.submit(SameThreadHierarchicalTestExecutorService.java:35)
	at org.junit.platform.engine.support.hierarchical.HierarchicalTestExecutor.execute(HierarchicalTestExecutor.java:57)
	at org.junit.platform.engine.support.hierarchical.HierarchicalTestEngine.execute(HierarchicalTestEngine.java:54)
	at org.junit.platform.launcher.core.EngineExecutionOrchestrator.execute(EngineExecutionOrchestrator.java:198)
	at org.junit.platform.launcher.core.EngineExecutionOrchestrator.execute(EngineExecutionOrchestrator.java:169)
	at org.junit.platform.launcher.core.EngineExecutionOrchestrator.execute(EngineExecutionOrchestrator.java:93)
	at org.junit.platform.launcher.core.EngineExecutionOrchestrator.lambda$execute$0(EngineExecutionOrchestrator.java:58)
	at org.junit.platform.launcher.core.EngineExecutionOrchestrator.withInterceptedStreams(EngineExecutionOrchestrator.java:141)
	at org.junit.platform.launcher.core.EngineExecutionOrchestrator.execute(EngineExecutionOrchestrator.java:57)
	at org.junit.platform.launcher.core.DefaultLauncher.execute(DefaultLauncher.java:103)
	at org.junit.platform.launcher.core.DefaultLauncher.execute(DefaultLauncher.java:85)
	at org.junit.platform.launcher.core.DelegatingLauncher.execute(DelegatingLauncher.java:47)
	at org.apache.maven.surefire.junitplatform.LazyLauncher.execute(LazyLauncher.java:56)
	at org.apache.maven.surefire.junitplatform.JUnitPlatformProvider.execute(JUnitPlatformProvider.java:184)
	at org.apache.maven.surefire.junitplatform.JUnitPlatformProvider.invokeAllTests(JUnitPlatformProvider.java:148)
	at org.apache.maven.surefire.junitplatform.JUnitPlatformProvider.invoke(JUnitPlatformProvider.java:122)
	at org.apache.maven.surefire.booter.ForkedBooter.runSuitesInProcess(ForkedBooter.java:385)
	at org.apache.maven.surefire.booter.ForkedBooter.execute(ForkedBooter.java:162)
	at org.apache.maven.surefire.booter.ForkedBooter.run(ForkedBooter.java:507)
	at org.apache.maven.surefire.booter.ForkedBooter.main(ForkedBooter.java:495)
2026-02-16 10:38:27.205 [main] WARN  c.r.exception.GlobalExceptionHandler - Resource not found: Test error
2026-02-16 10:38:27.211 [main] WARN  c.r.exception.GlobalExceptionHandler - Resource not found: Resource not found
2026-02-16 10:38:27.217 [main] WARN  c.r.exception.GlobalExceptionHandler - Resource not found: Test
2026-02-16 10:38:27.228 [main] WARN  c.r.exception.GlobalExceptionHandler - Resource not found: Customer not found
2026-02-16 10:38:27.235 [main] ERROR c.r.exception.GlobalExceptionHandler - Null pointer exception occurred: Null pointer occurred
java.lang.NullPointerException: Null pointer occurred
	at com.rewardSystem.exception.GlobalExceptionHandlerTest.testHandleNullPointerException(GlobalExceptionHandlerTest.java:114)
	at java.base/jdk.internal.reflect.NativeMethodAccessorImpl.invoke0(Native Method)
	at java.base/jdk.internal.reflect.NativeMethodAccessorImpl.invoke(NativeMethodAccessorImpl.java:77)
	at java.base/jdk.internal.reflect.DelegatingMethodAccessorImpl.invoke(DelegatingMethodAccessorImpl.java:43)
	at java.base/java.lang.reflect.Method.invoke(Method.java:568)
	at org.junit.platform.commons.util.ReflectionUtils.invokeMethod(ReflectionUtils.java:728)
	at org.junit.jupiter.engine.execution.MethodInvocation.proceed(MethodInvocation.java:60)
	at org.junit.jupiter.engine.execution.InvocationInterceptorChain$ValidatingInvocation.proceed(InvocationInterceptorChain.java:131)
	at org.junit.jupiter.engine.extension.TimeoutExtension.intercept(TimeoutExtension.java:156)
	at org.junit.jupiter.engine.extension.TimeoutExtension.interceptTestableMethod(TimeoutExtension.java:147)
	at org.junit.jupiter.engine.extension.TimeoutExtension.interceptTestMethod(TimeoutExtension.java:86)
	at org.junit.jupiter.engine.execution.InterceptingExecutableInvoker$ReflectiveInterceptorCall.lambda$ofVoidMethod$0(InterceptingExecutableInvoker.java:103)
	at org.junit.jupiter.engine.execution.InterceptingExecutableInvoker.lambda$invoke$0(InterceptingExecutableInvoker.java:93)
	at org.junit.jupiter.engine.execution.InvocationInterceptorChain$InterceptedInvocation.proceed(InvocationInterceptorChain.java:106)
	at org.junit.jupiter.engine.execution.InvocationInterceptorChain.proceed(InvocationInterceptorChain.java:64)
	at org.junit.jupiter.engine.execution.InvocationInterceptorChain.chainAndInvoke(InvocationInterceptorChain.java:45)
	at org.junit.jupiter.engine.execution.InvocationInterceptorChain.invoke(InvocationInterceptorChain.java:37)
	at org.junit.jupiter.engine.execution.InterceptingExecutableInvoker.invoke(InterceptingExecutableInvoker.java:92)
	at org.junit.jupiter.engine.execution.InterceptingExecutableInvoker.invoke(InterceptingExecutableInvoker.java:86)
	at org.junit.jupiter.engine.descriptor.TestMethodTestDescriptor.lambda$invokeTestMethod$7(TestMethodTestDescriptor.java:218)
	at org.junit.platform.engine.support.hierarchical.ThrowableCollector.execute(ThrowableCollector.java:73)
	at org.junit.jupiter.engine.descriptor.TestMethodTestDescriptor.invokeTestMethod(TestMethodTestDescriptor.java:214)
	at org.junit.jupiter.engine.descriptor.TestMethodTestDescriptor.execute(TestMethodTestDescriptor.java:139)
	at org.junit.jupiter.engine.descriptor.TestMethodTestDescriptor.execute(TestMethodTestDescriptor.java:69)
	at org.junit.platform.engine.support.hierarchical.NodeTestTask.lambda$executeRecursively$6(NodeTestTask.java:151)
	at org.junit.platform.engine.support.hierarchical.ThrowableCollector.execute(ThrowableCollector.java:73)
	at org.junit.platform.engine.support.hierarchical.NodeTestTask.lambda$executeRecursively$8(NodeTestTask.java:141)
	at org.junit.platform.engine.support.hierarchical.Node.around(Node.java:137)
	at org.junit.platform.engine.support.hierarchical.NodeTestTask.lambda$executeRecursively$9(NodeTestTask.java:139)
	at org.junit.platform.engine.support.hierarchical.ThrowableCollector.execute(ThrowableCollector.java:73)
	at org.junit.platform.engine.support.hierarchical.NodeTestTask.executeRecursively(NodeTestTask.java:138)
	at org.junit.platform.engine.support.hierarchical.NodeTestTask.execute(NodeTestTask.java:95)
	at java.base/java.util.ArrayList.forEach(ArrayList.java:1511)
	at org.junit.platform.engine.support.hierarchical.SameThreadHierarchicalTestExecutorService.invokeAll(SameThreadHierarchicalTestExecutorService.java:41)
	at org.junit.platform.engine.support.hierarchical.NodeTestTask.lambda$executeRecursively$6(NodeTestTask.java:155)
	at org.junit.platform.engine.support.hierarchical.ThrowableCollector.execute(ThrowableCollector.java:73)
	at org.junit.platform.engine.support.hierarchical.NodeTestTask.lambda$executeRecursively$8(NodeTestTask.java:141)
	at org.junit.platform.engine.support.hierarchical.Node.around(Node.java:137)
	at org.junit.platform.engine.support.hierarchical.NodeTestTask.lambda$executeRecursively$9(NodeTestTask.java:139)
	at org.junit.platform.engine.support.hierarchical.ThrowableCollector.execute(ThrowableCollector.java:73)
	at org.junit.platform.engine.support.hierarchical.NodeTestTask.executeRecursively(NodeTestTask.java:138)
	at org.junit.platform.engine.support.hierarchical.NodeTestTask.execute(NodeTestTask.java:95)
	at java.base/java.util.ArrayList.forEach(ArrayList.java:1511)
	at org.junit.platform.engine.support.hierarchical.SameThreadHierarchicalTestExecutorService.invokeAll(SameThreadHierarchicalTestExecutorService.java:41)
	at org.junit.platform.engine.support.hierarchical.NodeTestTask.lambda$executeRecursively$6(NodeTestTask.java:155)
	at org.junit.platform.engine.support.hierarchical.ThrowableCollector.execute(ThrowableCollector.java:73)
	at org.junit.platform.engine.support.hierarchical.NodeTestTask.lambda$executeRecursively$8(NodeTestTask.java:141)
	at org.junit.platform.engine.support.hierarchical.Node.around(Node.java:137)
	at org.junit.platform.engine.support.hierarchical.NodeTestTask.lambda$executeRecursively$9(NodeTestTask.java:139)
	at org.junit.platform.engine.support.hierarchical.ThrowableCollector.execute(ThrowableCollector.java:73)
	at org.junit.platform.engine.support.hierarchical.NodeTestTask.executeRecursively(NodeTestTask.java:138)
	at org.junit.platform.engine.support.hierarchical.NodeTestTask.execute(NodeTestTask.java:95)
	at org.junit.platform.engine.support.hierarchical.SameThreadHierarchicalTestExecutorService.submit(SameThreadHierarchicalTestExecutorService.java:35)
	at org.junit.platform.engine.support.hierarchical.HierarchicalTestExecutor.execute(HierarchicalTestExecutor.java:57)
	at org.junit.platform.engine.support.hierarchical.HierarchicalTestEngine.execute(HierarchicalTestEngine.java:54)
	at org.junit.platform.launcher.core.EngineExecutionOrchestrator.execute(EngineExecutionOrchestrator.java:198)
	at org.junit.platform.launcher.core.EngineExecutionOrchestrator.execute(EngineExecutionOrchestrator.java:169)
	at org.junit.platform.launcher.core.EngineExecutionOrchestrator.execute(EngineExecutionOrchestrator.java:93)
	at org.junit.platform.launcher.core.EngineExecutionOrchestrator.lambda$execute$0(EngineExecutionOrchestrator.java:58)
	at org.junit.platform.launcher.core.EngineExecutionOrchestrator.withInterceptedStreams(EngineExecutionOrchestrator.java:141)
	at org.junit.platform.launcher.core.EngineExecutionOrchestrator.execute(EngineExecutionOrchestrator.java:57)
	at org.junit.platform.launcher.core.DefaultLauncher.execute(DefaultLauncher.java:103)
	at org.junit.platform.launcher.core.DefaultLauncher.execute(DefaultLauncher.java:85)
	at org.junit.platform.launcher.core.DelegatingLauncher.execute(DelegatingLauncher.java:47)
	at org.apache.maven.surefire.junitplatform.LazyLauncher.execute(LazyLauncher.java:56)
	at org.apache.maven.surefire.junitplatform.JUnitPlatformProvider.execute(JUnitPlatformProvider.java:184)
	at org.apache.maven.surefire.junitplatform.JUnitPlatformProvider.invokeAllTests(JUnitPlatformProvider.java:148)
	at org.apache.maven.surefire.junitplatform.JUnitPlatformProvider.invoke(JUnitPlatformProvider.java:122)
	at org.apache.maven.surefire.booter.ForkedBooter.runSuitesInProcess(ForkedBooter.java:385)
	at org.apache.maven.surefire.booter.ForkedBooter.execute(ForkedBooter.java:162)
	at org.apache.maven.surefire.booter.ForkedBooter.run(ForkedBooter.java:507)
	at org.apache.maven.surefire.booter.ForkedBooter.main(ForkedBooter.java:495)
2026-02-16 10:38:27.241 [main] ERROR c.r.exception.GlobalExceptionHandler - Data processing error: Error processing data
com.rewardSystem.exception.DataProcessingException: Error processing data
	at com.rewardSystem.exception.GlobalExceptionHandlerTest.testHandleDataProcessingException(GlobalExceptionHandlerTest.java:57)
	at java.base/jdk.internal.reflect.NativeMethodAccessorImpl.invoke0(Native Method)
	at java.base/jdk.internal.reflect.NativeMethodAccessorImpl.invoke(NativeMethodAccessorImpl.java:77)
	at java.base/jdk.internal.reflect.DelegatingMethodAccessorImpl.invoke(DelegatingMethodAccessorImpl.java:43)
	at java.base/java.lang.reflect.Method.invoke(Method.java:568)
	at org.junit.platform.commons.util.ReflectionUtils.invokeMethod(ReflectionUtils.java:728)
	at org.junit.jupiter.engine.execution.MethodInvocation.proceed(MethodInvocation.java:60)
	at org.junit.jupiter.engine.execution.InvocationInterceptorChain$ValidatingInvocation.proceed(InvocationInterceptorChain.java:131)
	at org.junit.jupiter.engine.extension.TimeoutExtension.intercept(TimeoutExtension.java:156)
	at org.junit.jupiter.engine.extension.TimeoutExtension.interceptTestableMethod(TimeoutExtension.java:147)
	at org.junit.jupiter.engine.extension.TimeoutExtension.interceptTestMethod(TimeoutExtension.java:86)
	at org.junit.jupiter.engine.execution.InterceptingExecutableInvoker$ReflectiveInterceptorCall.lambda$ofVoidMethod$0(InterceptingExecutableInvoker.java:103)
	at org.junit.jupiter.engine.execution.InterceptingExecutableInvoker.lambda$invoke$0(InterceptingExecutableInvoker.java:93)
	at org.junit.jupiter.engine.execution.InvocationInterceptorChain$InterceptedInvocation.proceed(InvocationInterceptorChain.java:106)
	at org.junit.jupiter.engine.execution.InvocationInterceptorChain.proceed(InvocationInterceptorChain.java:64)
	at org.junit.jupiter.engine.execution.InvocationInterceptorChain.chainAndInvoke(InvocationInterceptorChain.java:45)
	at org.junit.jupiter.engine.execution.InvocationInterceptorChain.invoke(InvocationInterceptorChain.java:37)
	at org.junit.jupiter.engine.execution.InterceptingExecutableInvoker.invoke(InterceptingExecutableInvoker.java:92)
	at org.junit.jupiter.engine.execution.InterceptingExecutableInvoker.invoke(InterceptingExecutableInvoker.java:86)
	at org.junit.jupiter.engine.descriptor.TestMethodTestDescriptor.lambda$invokeTestMethod$7(TestMethodTestDescriptor.java:218)
	at org.junit.platform.engine.support.hierarchical.ThrowableCollector.execute(ThrowableCollector.java:73)
	at org.junit.jupiter.engine.descriptor.TestMethodTestDescriptor.invokeTestMethod(TestMethodTestDescriptor.java:214)
	at org.junit.jupiter.engine.descriptor.TestMethodTestDescriptor.execute(TestMethodTestDescriptor.java:139)
	at org.junit.jupiter.engine.descriptor.TestMethodTestDescriptor.execute(TestMethodTestDescriptor.java:69)
	at org.junit.platform.engine.support.hierarchical.NodeTestTask.lambda$executeRecursively$6(NodeTestTask.java:151)
	at org.junit.platform.engine.support.hierarchical.ThrowableCollector.execute(ThrowableCollector.java:73)
	at org.junit.platform.engine.support.hierarchical.NodeTestTask.lambda$executeRecursively$8(NodeTestTask.java:141)
	at org.junit.platform.engine.support.hierarchical.Node.around(Node.java:137)
	at org.junit.platform.engine.support.hierarchical.NodeTestTask.lambda$executeRecursively$9(NodeTestTask.java:139)
	at org.junit.platform.engine.support.hierarchical.ThrowableCollector.execute(ThrowableCollector.java:73)
	at org.junit.platform.engine.support.hierarchical.NodeTestTask.executeRecursively(NodeTestTask.java:138)
	at org.junit.platform.engine.support.hierarchical.NodeTestTask.execute(NodeTestTask.java:95)
	at java.base/java.util.ArrayList.forEach(ArrayList.java:1511)
	at org.junit.platform.engine.support.hierarchical.SameThreadHierarchicalTestExecutorService.invokeAll(SameThreadHierarchicalTestExecutorService.java:41)
	at org.junit.platform.engine.support.hierarchical.NodeTestTask.lambda$executeRecursively$6(NodeTestTask.java:155)
	at org.junit.platform.engine.support.hierarchical.ThrowableCollector.execute(ThrowableCollector.java:73)
	at org.junit.platform.engine.support.hierarchical.NodeTestTask.lambda$executeRecursively$8(NodeTestTask.java:141)
	at org.junit.platform.engine.support.hierarchical.Node.around(Node.java:137)
	at org.junit.platform.engine.support.hierarchical.NodeTestTask.lambda$executeRecursively$9(NodeTestTask.java:139)
	at org.junit.platform.engine.support.hierarchical.ThrowableCollector.execute(ThrowableCollector.java:73)
	at org.junit.platform.engine.support.hierarchical.NodeTestTask.executeRecursively(NodeTestTask.java:138)
	at org.junit.platform.engine.support.hierarchical.NodeTestTask.execute(NodeTestTask.java:95)
	at java.base/java.util.ArrayList.forEach(ArrayList.java:1511)
	at org.junit.platform.engine.support.hierarchical.SameThreadHierarchicalTestExecutorService.invokeAll(SameThreadHierarchicalTestExecutorService.java:41)
	at org.junit.platform.engine.support.hierarchical.NodeTestTask.lambda$executeRecursively$6(NodeTestTask.java:155)
	at org.junit.platform.engine.support.hierarchical.ThrowableCollector.execute(ThrowableCollector.java:73)
	at org.junit.platform.engine.support.hierarchical.NodeTestTask.lambda$executeRecursively$8(NodeTestTask.java:141)
	at org.junit.platform.engine.support.hierarchical.Node.around(Node.java:137)
	at org.junit.platform.engine.support.hierarchical.NodeTestTask.lambda$executeRecursively$9(NodeTestTask.java:139)
	at org.junit.platform.engine.support.hierarchical.ThrowableCollector.execute(ThrowableCollector.java:73)
	at org.junit.platform.engine.support.hierarchical.NodeTestTask.executeRecursively(NodeTestTask.java:138)
	at org.junit.platform.engine.support.hierarchical.NodeTestTask.execute(NodeTestTask.java:95)
	at org.junit.platform.engine.support.hierarchical.SameThreadHierarchicalTestExecutorService.submit(SameThreadHierarchicalTestExecutorService.java:35)
	at org.junit.platform.engine.support.hierarchical.HierarchicalTestExecutor.execute(HierarchicalTestExecutor.java:57)
	at org.junit.platform.engine.support.hierarchical.HierarchicalTestEngine.execute(HierarchicalTestEngine.java:54)
	at org.junit.platform.launcher.core.EngineExecutionOrchestrator.execute(EngineExecutionOrchestrator.java:198)
	at org.junit.platform.launcher.core.EngineExecutionOrchestrator.execute(EngineExecutionOrchestrator.java:169)
	at org.junit.platform.launcher.core.EngineExecutionOrchestrator.execute(EngineExecutionOrchestrator.java:93)
	at org.junit.platform.launcher.core.EngineExecutionOrchestrator.lambda$execute$0(EngineExecutionOrchestrator.java:58)
	at org.junit.platform.launcher.core.EngineExecutionOrchestrator.withInterceptedStreams(EngineExecutionOrchestrator.java:141)
	at org.junit.platform.launcher.core.EngineExecutionOrchestrator.execute(EngineExecutionOrchestrator.java:57)
	at org.junit.platform.launcher.core.DefaultLauncher.execute(DefaultLauncher.java:103)
	at org.junit.platform.launcher.core.DefaultLauncher.execute(DefaultLauncher.java:85)
	at org.junit.platform.launcher.core.DelegatingLauncher.execute(DelegatingLauncher.java:47)
	at org.apache.maven.surefire.junitplatform.LazyLauncher.execute(LazyLauncher.java:56)
	at org.apache.maven.surefire.junitplatform.JUnitPlatformProvider.execute(JUnitPlatformProvider.java:184)
	at org.apache.maven.surefire.junitplatform.JUnitPlatformProvider.invokeAllTests(JUnitPlatformProvider.java:148)
	at org.apache.maven.surefire.junitplatform.JUnitPlatformProvider.invoke(JUnitPlatformProvider.java:122)
	at org.apache.maven.surefire.booter.ForkedBooter.runSuitesInProcess(ForkedBooter.java:385)
	at org.apache.maven.surefire.booter.ForkedBooter.execute(ForkedBooter.java:162)
	at org.apache.maven.surefire.booter.ForkedBooter.run(ForkedBooter.java:507)
	at org.apache.maven.surefire.booter.ForkedBooter.main(ForkedBooter.java:495)
2026-02-16 10:38:27.277 [main] INFO  o.s.t.c.s.AnnotationConfigContextLoaderUtils - Could not detect default configuration classes for test class [com.rewardSystem.repository.TransactionsRepositoryTest]: TransactionsRepositoryTest does not declare any static, non-private, non-final, nested classes annotated with @Configuration.
2026-02-16 10:38:27.331 [main] INFO  o.s.b.t.c.SpringBootTestContextBootstrapper - Found @SpringBootConfiguration com.rewardSystem.RewardSystemApplication for test class com.rewardSystem.repository.TransactionsRepositoryTest
2026-02-16 10:38:27.406 [main] INFO  c.r.r.TransactionsRepositoryTest - Starting TransactionsRepositoryTest using Java 17.0.11 with PID 18916 (started by Mahesh in C:\Users\Mahesh\Downloads\rewardSystem\rewardSystem)
2026-02-16 10:38:27.407 [main] DEBUG c.r.r.TransactionsRepositoryTest - Running with Spring Boot v3.2.2, Spring v6.1.3
2026-02-16 10:38:27.408 [main] INFO  c.r.r.TransactionsRepositoryTest - No active profile set, falling back to 1 default profile: "default"
2026-02-16 10:38:27.761 [main] INFO  o.s.d.r.c.RepositoryConfigurationDelegate - Bootstrapping Spring Data JPA repositories in DEFAULT mode.
2026-02-16 10:38:27.845 [main] INFO  o.s.d.r.c.RepositoryConfigurationDelegate - Finished Spring Data repository scanning in 65 ms. Found 1 JPA repository interface.
2026-02-16 10:38:27.921 [main] INFO  o.s.b.t.a.j.TestDatabaseAutoConfiguration$EmbeddedDataSourceBeanFactoryPostProcessor - Replacing 'dataSource' DataSource bean with embedded version
2026-02-16 10:38:28.029 [main] INFO  o.s.j.d.e.EmbeddedDatabaseFactory - Starting embedded database: url='jdbc:h2:mem:81585e09-0511-4c09-824c-c9d7101c6292;DB_CLOSE_DELAY=-1;DB_CLOSE_ON_EXIT=false', username='sa'
2026-02-16 10:38:28.552 [main] INFO  o.h.jpa.internal.util.LogHelper - HHH000204: Processing PersistenceUnitInfo [name: default]
2026-02-16 10:38:28.688 [main] INFO  org.hibernate.Version - HHH000412: Hibernate ORM core version 6.4.1.Final
2026-02-16 10:38:28.774 [main] INFO  o.h.c.i.RegionFactoryInitiator - HHH000026: Second-level cache disabled
2026-02-16 10:38:28.982 [main] INFO  o.s.o.j.p.SpringPersistenceUnitInfo - No LoadTimeWeaver setup: ignoring JPA class transformer
2026-02-16 10:38:29.079 [main] WARN  org.hibernate.orm.deprecation - HHH90000025: H2Dialect does not need to be specified explicitly using 'hibernate.dialect' (remove the property setting and it will be selected by default)
2026-02-16 10:38:30.350 [main] INFO  o.h.e.t.j.p.i.JtaPlatformInitiator - HHH000489: No JTA platform available (set 'hibernate.transaction.jta.platform' to enable JTA platform integration)
2026-02-16 10:38:30.415 [main] INFO  o.s.o.j.LocalContainerEntityManagerFactoryBean - Initialized JPA EntityManagerFactory for persistence unit 'default'
2026-02-16 10:38:30.897 [main] INFO  c.r.r.TransactionsRepositoryTest - Started TransactionsRepositoryTest in 3.555 seconds (process running for 10.356)
2026-02-16 10:38:31.875 [main] INFO  o.s.t.c.s.AnnotationConfigContextLoaderUtils - Could not detect default configuration classes for test class [com.rewardSystem.RewardSystemApplicationTests]: RewardSystemApplicationTests does not declare any static, non-private, non-final, nested classes annotated with @Configuration.
2026-02-16 10:38:31.886 [main] INFO  o.s.b.t.c.SpringBootTestContextBootstrapper - Found @SpringBootConfiguration com.rewardSystem.RewardSystemApplication for test class com.rewardSystem.RewardSystemApplicationTests
2026-02-16 10:38:31.932 [main] INFO  c.r.RewardSystemApplicationTests - Starting RewardSystemApplicationTests using Java 17.0.11 with PID 18916 (started by Mahesh in C:\Users\Mahesh\Downloads\rewardSystem\rewardSystem)
2026-02-16 10:38:31.932 [main] DEBUG c.r.RewardSystemApplicationTests - Running with Spring Boot v3.2.2, Spring v6.1.3
2026-02-16 10:38:31.932 [main] INFO  c.r.RewardSystemApplicationTests - No active profile set, falling back to 1 default profile: "default"
2026-02-16 10:38:32.328 [main] INFO  o.s.d.r.c.RepositoryConfigurationDelegate - Bootstrapping Spring Data JPA repositories in DEFAULT mode.
2026-02-16 10:38:32.345 [main] INFO  o.s.d.r.c.RepositoryConfigurationDelegate - Finished Spring Data repository scanning in 17 ms. Found 1 JPA repository interface.
2026-02-16 10:38:32.544 [main] INFO  o.h.jpa.internal.util.LogHelper - HHH000204: Processing PersistenceUnitInfo [name: default]
2026-02-16 10:38:32.553 [main] INFO  o.h.c.i.RegionFactoryInitiator - HHH000026: Second-level cache disabled
2026-02-16 10:38:32.560 [main] INFO  o.s.o.j.p.SpringPersistenceUnitInfo - No LoadTimeWeaver setup: ignoring JPA class transformer
2026-02-16 10:38:32.563 [main] INFO  com.zaxxer.hikari.HikariDataSource - HikariPool-1 - Starting...
2026-02-16 10:38:33.171 [main] INFO  com.zaxxer.hikari.pool.HikariPool - HikariPool-1 - Added connection com.mysql.cj.jdbc.ConnectionImpl@4e6c4c55
2026-02-16 10:38:33.177 [main] INFO  com.zaxxer.hikari.HikariDataSource - HikariPool-1 - Start completed.
2026-02-16 10:38:33.341 [main] INFO  o.h.e.t.j.p.i.JtaPlatformInitiator - HHH000489: No JTA platform available (set 'hibernate.transaction.jta.platform' to enable JTA platform integration)
2026-02-16 10:38:33.413 [main] INFO  o.s.o.j.LocalContainerEntityManagerFactoryBean - Initialized JPA EntityManagerFactory for persistence unit 'default'
2026-02-16 10:38:33.691 [main] WARN  o.s.b.a.o.j.JpaBaseConfiguration$JpaWebConfiguration - spring.jpa.open-in-view is enabled by default. Therefore, database queries may be performed during view rendering. Explicitly configure spring.jpa.open-in-view to disable this warning
2026-02-16 10:38:33.962 [main] INFO  c.r.RewardSystemApplicationTests - Started RewardSystemApplicationTests in 2.064 seconds (process running for 13.421)
2026-02-16 10:38:34.249 [main] DEBUG c.r.service.RewardServiceImpl - Starting findAllRewards operation
2026-02-16 10:38:34.256 [main] DEBUG c.r.service.RewardServiceImpl - Filtering transactions from date: 2025-12-01
2026-02-16 10:38:34.256 [main] INFO  c.r.service.RewardServiceImpl - Retrieved 1 total transactions from database
2026-02-16 10:38:34.259 [main] DEBUG c.r.service.RewardServiceImpl - Processing rewards for customer ID: 1
2026-02-16 10:38:34.259 [main] DEBUG c.r.service.RewardServiceImpl - Building reward response for customer ID: 1
2026-02-16 10:38:34.259 [main] DEBUG c.r.service.RewardServiceImpl - Successfully built reward response for customer 1: 150 total points
2026-02-16 10:38:34.259 [main] INFO  c.r.service.RewardServiceImpl - Successfully calculated rewards for 1 customers
2026-02-16 10:38:34.271 [main] DEBUG c.r.service.RewardServiceImpl - Starting findAllRewards operation
2026-02-16 10:38:34.271 [main] DEBUG c.r.service.RewardServiceImpl - Filtering transactions from date: 2025-12-01
2026-02-16 10:38:34.271 [main] INFO  c.r.service.RewardServiceImpl - Retrieved 3 total transactions from database
2026-02-16 10:38:34.271 [main] DEBUG c.r.service.RewardServiceImpl - Processing rewards for customer ID: 1
2026-02-16 10:38:34.271 [main] DEBUG c.r.service.RewardServiceImpl - Building reward response for customer ID: 1
2026-02-16 10:38:34.271 [main] DEBUG c.r.service.RewardServiceImpl - Successfully built reward response for customer 1: 150 total points
2026-02-16 10:38:34.271 [main] INFO  c.r.service.RewardServiceImpl - Successfully calculated rewards for 1 customers
2026-02-16 10:38:34.278 [main] DEBUG c.r.service.RewardServiceImpl - Starting findAllRewards operation
2026-02-16 10:38:34.278 [main] DEBUG c.r.service.RewardServiceImpl - Filtering transactions from date: 2025-12-01
2026-02-16 10:38:34.278 [main] INFO  c.r.service.RewardServiceImpl - Retrieved 1 total transactions from database
2026-02-16 10:38:34.278 [main] DEBUG c.r.service.RewardServiceImpl - Processing rewards for customer ID: 1
2026-02-16 10:38:34.278 [main] DEBUG c.r.service.RewardServiceImpl - Building reward response for customer ID: 1
2026-02-16 10:38:34.278 [main] DEBUG c.r.service.RewardServiceImpl - Successfully built reward response for customer 1: 50 total points
2026-02-16 10:38:34.278 [main] INFO  c.r.service.RewardServiceImpl - Successfully calculated rewards for 1 customers
2026-02-16 10:38:34.284 [main] DEBUG c.r.service.RewardServiceImpl - Starting findAllRewards operation
2026-02-16 10:38:34.284 [main] DEBUG c.r.service.RewardServiceImpl - Filtering transactions from date: 2025-12-01
2026-02-16 10:38:34.284 [main] INFO  c.r.service.RewardServiceImpl - Retrieved 4 total transactions from database
2026-02-16 10:38:34.284 [main] DEBUG c.r.service.RewardServiceImpl - Processing rewards for customer ID: 1
2026-02-16 10:38:34.284 [main] DEBUG c.r.service.RewardServiceImpl - Building reward response for customer ID: 1
2026-02-16 10:38:34.286 [main] DEBUG c.r.service.RewardServiceImpl - Successfully built reward response for customer 1: 125 total points
2026-02-16 10:38:34.286 [main] INFO  c.r.service.RewardServiceImpl - Successfully calculated rewards for 1 customers
2026-02-16 10:38:34.287 [main] DEBUG c.r.service.RewardServiceImpl - Starting findAllRewards operation
2026-02-16 10:38:34.287 [main] DEBUG c.r.service.RewardServiceImpl - Filtering transactions from date: 2025-12-01
2026-02-16 10:38:34.287 [main] INFO  c.r.service.RewardServiceImpl - Retrieved 0 total transactions from database
2026-02-16 10:38:34.287 [main] WARN  c.r.service.RewardServiceImpl - No transactions found in database
2026-02-16 10:38:34.295 [main] DEBUG c.r.service.RewardServiceImpl - Starting findAllRewards operation
2026-02-16 10:38:34.295 [main] DEBUG c.r.service.RewardServiceImpl - Filtering transactions from date: 2025-12-01
2026-02-16 10:38:34.295 [main] INFO  c.r.service.RewardServiceImpl - Retrieved 1 total transactions from database
2026-02-16 10:38:34.295 [main] DEBUG c.r.service.RewardServiceImpl - Processing rewards for customer ID: 1
2026-02-16 10:38:34.295 [main] DEBUG c.r.service.RewardServiceImpl - Building reward response for customer ID: 1
2026-02-16 10:38:34.295 [main] DEBUG c.r.service.RewardServiceImpl - Successfully built reward response for customer 1: 0 total points
2026-02-16 10:38:34.295 [main] INFO  c.r.service.RewardServiceImpl - Successfully calculated rewards for 1 customers
2026-02-16 10:38:34.299 [main] DEBUG c.r.service.RewardServiceImpl - Starting findAllRewards operation
2026-02-16 10:38:34.299 [main] DEBUG c.r.service.RewardServiceImpl - Filtering transactions from date: 2025-12-01
2026-02-16 10:38:34.299 [main] INFO  c.r.service.RewardServiceImpl - Retrieved 1 total transactions from database
2026-02-16 10:38:34.301 [main] DEBUG c.r.service.RewardServiceImpl - Processing rewards for customer ID: 1
2026-02-16 10:38:34.301 [main] DEBUG c.r.service.RewardServiceImpl - Building reward response for customer ID: 1
2026-02-16 10:38:34.301 [main] DEBUG c.r.service.RewardServiceImpl - Successfully built reward response for customer 1: 101 total points
2026-02-16 10:38:34.301 [main] INFO  c.r.service.RewardServiceImpl - Successfully calculated rewards for 1 customers
2026-02-16 10:38:34.303 [main] DEBUG c.r.service.RewardServiceImpl - Starting findAllRewards operation
2026-02-16 10:38:34.305 [main] DEBUG c.r.service.RewardServiceImpl - Filtering transactions from date: 2025-12-01
2026-02-16 10:38:34.305 [main] INFO  c.r.service.RewardServiceImpl - Retrieved 1 total transactions from database
2026-02-16 10:38:34.305 [main] DEBUG c.r.service.RewardServiceImpl - Processing rewards for customer ID: 1
2026-02-16 10:38:34.305 [main] DEBUG c.r.service.RewardServiceImpl - Building reward response for customer ID: 1
2026-02-16 10:38:34.305 [main] DEBUG c.r.service.RewardServiceImpl - Successfully built reward response for customer 1: 25 total points
2026-02-16 10:38:34.305 [main] INFO  c.r.service.RewardServiceImpl - Successfully calculated rewards for 1 customers
2026-02-16 10:38:34.311 [main] DEBUG c.r.service.RewardServiceImpl - Starting findAllRewards operation
2026-02-16 10:38:34.311 [main] DEBUG c.r.service.RewardServiceImpl - Filtering transactions from date: 2025-12-01
2026-02-16 10:38:34.311 [main] INFO  c.r.service.RewardServiceImpl - Retrieved 1 total transactions from database
2026-02-16 10:38:34.311 [main] DEBUG c.r.service.RewardServiceImpl - Processing rewards for customer ID: 1
2026-02-16 10:38:34.312 [main] DEBUG c.r.service.RewardServiceImpl - Building reward response for customer ID: 1
2026-02-16 10:38:34.312 [main] DEBUG c.r.service.RewardServiceImpl - Successfully built reward response for customer 1: 90 total points
2026-02-16 10:38:34.312 [main] INFO  c.r.service.RewardServiceImpl - Successfully calculated rewards for 1 customers
2026-02-16 10:38:34.316 [main] DEBUG c.r.service.RewardServiceImpl - Starting findAllRewards operation
2026-02-16 10:38:34.316 [main] DEBUG c.r.service.RewardServiceImpl - Filtering transactions from date: 2025-12-01
2026-02-16 10:38:34.316 [main] INFO  c.r.service.RewardServiceImpl - Retrieved 3 total transactions from database
2026-02-16 10:38:34.317 [main] DEBUG c.r.service.RewardServiceImpl - Processing rewards for customer ID: 1
2026-02-16 10:38:34.317 [main] DEBUG c.r.service.RewardServiceImpl - Building reward response for customer ID: 1
2026-02-16 10:38:34.317 [main] DEBUG c.r.service.RewardServiceImpl - Successfully built reward response for customer 1: 130 total points
2026-02-16 10:38:34.317 [main] INFO  c.r.service.RewardServiceImpl - Successfully calculated rewards for 1 customers
2026-02-16 10:38:34.320 [main] DEBUG c.r.service.RewardServiceImpl - Starting findAllRewards operation
2026-02-16 10:38:34.321 [main] DEBUG c.r.service.RewardServiceImpl - Filtering transactions from date: 2025-12-01
2026-02-16 10:38:34.321 [main] INFO  c.r.service.RewardServiceImpl - Retrieved 1 total transactions from database
2026-02-16 10:38:34.321 [main] DEBUG c.r.service.RewardServiceImpl - Processing rewards for customer ID: 1
2026-02-16 10:38:34.321 [main] DEBUG c.r.service.RewardServiceImpl - Building reward response for customer ID: 1
2026-02-16 10:38:34.321 [main] DEBUG c.r.service.RewardServiceImpl - Successfully built reward response for customer 1: 50 total points
2026-02-16 10:38:34.321 [main] INFO  c.r.service.RewardServiceImpl - Successfully calculated rewards for 1 customers
2026-02-16 10:38:34.326 [main] DEBUG c.r.service.RewardServiceImpl - Starting findAllRewards operation
2026-02-16 10:38:34.326 [main] DEBUG c.r.service.RewardServiceImpl - Filtering transactions from date: 2025-12-01
2026-02-16 10:38:34.326 [main] INFO  c.r.service.RewardServiceImpl - Retrieved 1 total transactions from database
2026-02-16 10:38:34.326 [main] DEBUG c.r.service.RewardServiceImpl - Processing rewards for customer ID: 1
2026-02-16 10:38:34.326 [main] DEBUG c.r.service.RewardServiceImpl - Building reward response for customer ID: 1
2026-02-16 10:38:34.326 [main] DEBUG c.r.service.RewardServiceImpl - Successfully built reward response for customer 1: 52 total points
2026-02-16 10:38:34.326 [main] INFO  c.r.service.RewardServiceImpl - Successfully calculated rewards for 1 customers
2026-02-16 10:38:34.330 [main] DEBUG c.r.service.RewardServiceImpl - Starting findAllRewards operation
2026-02-16 10:38:34.330 [main] DEBUG c.r.service.RewardServiceImpl - Filtering transactions from date: 2025-12-01
2026-02-16 10:38:34.330 [main] INFO  c.r.service.RewardServiceImpl - Retrieved 3 total transactions from database
2026-02-16 10:38:34.330 [main] DEBUG c.r.service.RewardServiceImpl - Processing rewards for customer ID: 1
2026-02-16 10:38:34.330 [main] DEBUG c.r.service.RewardServiceImpl - Building reward response for customer ID: 1
2026-02-16 10:38:34.330 [main] DEBUG c.r.service.RewardServiceImpl - Successfully built reward response for customer 1: 90 total points
2026-02-16 10:38:34.330 [main] DEBUG c.r.service.RewardServiceImpl - Processing rewards for customer ID: 2
2026-02-16 10:38:34.330 [main] DEBUG c.r.service.RewardServiceImpl - Building reward response for customer ID: 2
2026-02-16 10:38:34.330 [main] DEBUG c.r.service.RewardServiceImpl - Successfully built reward response for customer 2: 25 total points
2026-02-16 10:38:34.330 [main] DEBUG c.r.service.RewardServiceImpl - Processing rewards for customer ID: 3
2026-02-16 10:38:34.331 [main] DEBUG c.r.service.RewardServiceImpl - Building reward response for customer ID: 3
2026-02-16 10:38:34.331 [main] DEBUG c.r.service.RewardServiceImpl - Successfully built reward response for customer 3: 250 total points
2026-02-16 10:38:34.331 [main] INFO  c.r.service.RewardServiceImpl - Successfully calculated rewards for 3 customers
2026-02-16 10:38:34.336 [main] DEBUG c.r.service.RewardServiceImpl - Starting findAllRewards operation
2026-02-16 10:38:34.336 [main] DEBUG c.r.service.RewardServiceImpl - Filtering transactions from date: 2025-12-01
2026-02-16 10:38:34.336 [main] INFO  c.r.service.RewardServiceImpl - Retrieved 1 total transactions from database
2026-02-16 10:38:34.336 [main] DEBUG c.r.service.RewardServiceImpl - Processing rewards for customer ID: 1
2026-02-16 10:38:34.336 [main] DEBUG c.r.service.RewardServiceImpl - Building reward response for customer ID: 1
2026-02-16 10:38:34.338 [main] DEBUG c.r.service.RewardServiceImpl - Successfully built reward response for customer 1: 1 total points
2026-02-16 10:38:34.338 [main] INFO  c.r.service.RewardServiceImpl - Successfully calculated rewards for 1 customers
2026-02-16 10:38:34.342 [main] DEBUG c.r.service.RewardServiceImpl - Starting findAllRewards operation
2026-02-16 10:38:34.343 [main] DEBUG c.r.service.RewardServiceImpl - Filtering transactions from date: 2025-12-01
2026-02-16 10:38:34.343 [main] INFO  c.r.service.RewardServiceImpl - Retrieved 2 total transactions from database
2026-02-16 10:38:34.343 [main] DEBUG c.r.service.RewardServiceImpl - Processing rewards for customer ID: 1
2026-02-16 10:38:34.343 [main] DEBUG c.r.service.RewardServiceImpl - Building reward response for customer ID: 1
2026-02-16 10:38:34.343 [main] DEBUG c.r.service.RewardServiceImpl - Successfully built reward response for customer 1: 115 total points
2026-02-16 10:38:34.343 [main] INFO  c.r.service.RewardServiceImpl - Successfully calculated rewards for 1 customers
2026-02-16 10:38:34.348 [main] DEBUG c.r.service.RewardServiceImpl - Starting findAllRewards operation
2026-02-16 10:38:34.349 [main] DEBUG c.r.service.RewardServiceImpl - Filtering transactions from date: 2025-12-01
2026-02-16 10:38:34.349 [main] INFO  c.r.service.RewardServiceImpl - Retrieved 1 total transactions from database
2026-02-16 10:38:34.349 [main] DEBUG c.r.service.RewardServiceImpl - Processing rewards for customer ID: 1
2026-02-16 10:38:34.349 [main] DEBUG c.r.service.RewardServiceImpl - Building reward response for customer ID: 1
2026-02-16 10:38:34.349 [main] DEBUG c.r.service.RewardServiceImpl - Successfully built reward response for customer 1: 9850 total points
2026-02-16 10:38:34.349 [main] INFO  c.r.service.RewardServiceImpl - Successfully calculated rewards for 1 customers
2026-02-16 10:38:34.377 [SpringApplicationShutdownHook] INFO  o.s.o.j.LocalContainerEntityManagerFactoryBean - Closing JPA EntityManagerFactory for persistence unit 'default'
2026-02-16 10:38:34.387 [SpringApplicationShutdownHook] INFO  o.s.o.j.LocalContainerEntityManagerFactoryBean - Closing JPA EntityManagerFactory for persistence unit 'default'
2026-02-16 10:38:34.388 [SpringApplicationShutdownHook] INFO  com.zaxxer.hikari.HikariDataSource - HikariPool-1 - Shutdown initiated...
2026-02-16 10:38:34.402 [SpringApplicationShutdownHook] INFO  com.zaxxer.hikari.HikariDataSource - HikariPool-1 - Shutdown completed.
